{"total": {"lines":{"total":2485,"covered":204,"skipped":0,"pct":8.2},"statements":{"total":2764,"covered":303,"skipped":0,"pct":10.96},"functions":{"total":646,"covered":15,"skipped":0,"pct":2.32},"branches":{"total":1124,"covered":52,"skipped":0,"pct":4.62},"branchesTrue":{"total":0,"covered":0,"skipped":0,"pct":100}}
,"/Users/ryan/Code/killallgit/killall-tofu/src/main/database/example.ts": {"lines":{"total":78,"covered":0,"skipped":0,"pct":0},"functions":{"total":2,"covered":0,"skipped":0,"pct":0},"statements":{"total":78,"covered":0,"skipped":0,"pct":0},"branches":{"total":28,"covered":0,"skipped":0,"pct":0}}
,"/Users/ryan/Code/killallgit/killall-tofu/src/main/database/factory.ts": {"lines":{"total":22,"covered":0,"skipped":0,"pct":0},"functions":{"total":5,"covered":0,"skipped":0,"pct":0},"statements":{"total":26,"covered":0,"skipped":0,"pct":0},"branches":{"total":18,"covered":0,"skipped":0,"pct":0}}
,"/Users/ryan/Code/killallgit/killall-tofu/src/main/database/index.ts": {"lines":{"total":109,"covered":0,"skipped":0,"pct":0},"functions":{"total":33,"covered":0,"skipped":0,"pct":0},"statements":{"total":114,"covered":0,"skipped":0,"pct":0},"branches":{"total":40,"covered":0,"skipped":0,"pct":0}}
,"/Users/ryan/Code/killallgit/killall-tofu/src/main/database/migrator.ts": {"lines":{"total":80,"covered":0,"skipped":0,"pct":0},"functions":{"total":23,"covered":0,"skipped":0,"pct":0},"statements":{"total":81,"covered":0,"skipped":0,"pct":0},"branches":{"total":32,"covered":0,"skipped":0,"pct":0}}
,"/Users/ryan/Code/killallgit/killall-tofu/src/main/database/drizzle/connection.ts": {"lines":{"total":35,"covered":0,"skipped":0,"pct":0},"functions":{"total":6,"covered":0,"skipped":0,"pct":0},"statements":{"total":40,"covered":0,"skipped":0,"pct":0},"branches":{"total":18,"covered":0,"skipped":0,"pct":0}}
,"/Users/ryan/Code/killallgit/killall-tofu/src/main/database/drizzle/schema/configs.ts": {"lines":{"total":5,"covered":0,"skipped":0,"pct":0},"functions":{"total":1,"covered":0,"skipped":0,"pct":0},"statements":{"total":5,"covered":0,"skipped":0,"pct":0},"branches":{"total":0,"covered":0,"skipped":0,"pct":100}}
,"/Users/ryan/Code/killallgit/killall-tofu/src/main/database/drizzle/schema/events.ts": {"lines":{"total":7,"covered":0,"skipped":0,"pct":0},"functions":{"total":2,"covered":0,"skipped":0,"pct":0},"statements":{"total":7,"covered":0,"skipped":0,"pct":0},"branches":{"total":0,"covered":0,"skipped":0,"pct":100}}
,"/Users/ryan/Code/killallgit/killall-tofu/src/main/database/drizzle/schema/executions.ts": {"lines":{"total":6,"covered":0,"skipped":0,"pct":0},"functions":{"total":2,"covered":0,"skipped":0,"pct":0},"statements":{"total":6,"covered":0,"skipped":0,"pct":0},"branches":{"total":0,"covered":0,"skipped":0,"pct":100}}
,"/Users/ryan/Code/killallgit/killall-tofu/src/main/database/drizzle/schema/index.ts": {"lines":{"total":13,"covered":0,"skipped":0,"pct":0},"functions":{"total":7,"covered":0,"skipped":0,"pct":0},"statements":{"total":17,"covered":0,"skipped":0,"pct":0},"branches":{"total":0,"covered":0,"skipped":0,"pct":100}}
,"/Users/ryan/Code/killallgit/killall-tofu/src/main/database/drizzle/schema/projects.ts": {"lines":{"total":5,"covered":0,"skipped":0,"pct":0},"functions":{"total":1,"covered":0,"skipped":0,"pct":0},"statements":{"total":5,"covered":0,"skipped":0,"pct":0},"branches":{"total":0,"covered":0,"skipped":0,"pct":100}}
,"/Users/ryan/Code/killallgit/killall-tofu/src/main/database/drizzle/schema/relations.ts": {"lines":{"total":7,"covered":0,"skipped":0,"pct":0},"functions":{"total":3,"covered":0,"skipped":0,"pct":0},"statements":{"total":10,"covered":0,"skipped":0,"pct":0},"branches":{"total":0,"covered":0,"skipped":0,"pct":100}}
,"/Users/ryan/Code/killallgit/killall-tofu/src/main/database/repositories/events.ts": {"lines":{"total":48,"covered":0,"skipped":0,"pct":0},"functions":{"total":19,"covered":0,"skipped":0,"pct":0},"statements":{"total":50,"covered":0,"skipped":0,"pct":0},"branches":{"total":33,"covered":0,"skipped":0,"pct":0}}
,"/Users/ryan/Code/killallgit/killall-tofu/src/main/database/repositories/executions.ts": {"lines":{"total":51,"covered":0,"skipped":0,"pct":0},"functions":{"total":20,"covered":0,"skipped":0,"pct":0},"statements":{"total":53,"covered":0,"skipped":0,"pct":0},"branches":{"total":46,"covered":0,"skipped":0,"pct":0}}
,"/Users/ryan/Code/killallgit/killall-tofu/src/main/database/repositories/projects.ts": {"lines":{"total":72,"covered":0,"skipped":0,"pct":0},"functions":{"total":27,"covered":0,"skipped":0,"pct":0},"statements":{"total":74,"covered":0,"skipped":0,"pct":0},"branches":{"total":36,"covered":0,"skipped":0,"pct":0}}
,"/Users/ryan/Code/killallgit/killall-tofu/src/main/services/configExample.ts": {"lines":{"total":113,"covered":0,"skipped":0,"pct":0},"functions":{"total":2,"covered":0,"skipped":0,"pct":0},"statements":{"total":113,"covered":0,"skipped":0,"pct":0},"branches":{"total":30,"covered":0,"skipped":0,"pct":0}}
,"/Users/ryan/Code/killallgit/killall-tofu/src/main/services/configManager.ts": {"lines":{"total":122,"covered":0,"skipped":0,"pct":0},"functions":{"total":23,"covered":0,"skipped":0,"pct":0},"statements":{"total":124,"covered":0,"skipped":0,"pct":0},"branches":{"total":63,"covered":0,"skipped":0,"pct":0}}
,"/Users/ryan/Code/killallgit/killall-tofu/src/main/services/configRepository.ts": {"lines":{"total":130,"covered":0,"skipped":0,"pct":0},"functions":{"total":15,"covered":0,"skipped":0,"pct":0},"statements":{"total":130,"covered":0,"skipped":0,"pct":0},"branches":{"total":67,"covered":0,"skipped":0,"pct":0}}
,"/Users/ryan/Code/killallgit/killall-tofu/src/main/services/configValidator.ts": {"lines":{"total":109,"covered":45,"skipped":0,"pct":41.28},"functions":{"total":8,"covered":4,"skipped":0,"pct":50},"statements":{"total":116,"covered":52,"skipped":0,"pct":44.82},"branches":{"total":112,"covered":46,"skipped":0,"pct":41.07}}
,"/Users/ryan/Code/killallgit/killall-tofu/src/main/services/fileWatcher.ts": {"lines":{"total":135,"covered":5,"skipped":0,"pct":3.7},"functions":{"total":22,"covered":0,"skipped":0,"pct":0},"statements":{"total":138,"covered":5,"skipped":0,"pct":3.62},"branches":{"total":71,"covered":0,"skipped":0,"pct":0}}
,"/Users/ryan/Code/killallgit/killall-tofu/src/main/services/index.ts": {"lines":{"total":8,"covered":0,"skipped":0,"pct":0},"functions":{"total":7,"covered":0,"skipped":0,"pct":0},"statements":{"total":10,"covered":0,"skipped":0,"pct":0},"branches":{"total":0,"covered":0,"skipped":0,"pct":100}}
,"/Users/ryan/Code/killallgit/killall-tofu/src/main/services/projectDiscovery.ts": {"lines":{"total":151,"covered":5,"skipped":0,"pct":3.31},"functions":{"total":17,"covered":0,"skipped":0,"pct":0},"statements":{"total":155,"covered":5,"skipped":0,"pct":3.22},"branches":{"total":61,"covered":0,"skipped":0,"pct":0}}
,"/Users/ryan/Code/killallgit/killall-tofu/src/renderer/App.tsx": {"lines":{"total":19,"covered":0,"skipped":0,"pct":0},"functions":{"total":4,"covered":0,"skipped":0,"pct":0},"statements":{"total":19,"covered":0,"skipped":0,"pct":0},"branches":{"total":7,"covered":0,"skipped":0,"pct":0}}
,"/Users/ryan/Code/killallgit/killall-tofu/src/renderer/index.tsx": {"lines":{"total":6,"covered":0,"skipped":0,"pct":0},"functions":{"total":0,"covered":0,"skipped":0,"pct":100},"statements":{"total":6,"covered":0,"skipped":0,"pct":0},"branches":{"total":0,"covered":0,"skipped":0,"pct":100}}
,"/Users/ryan/Code/killallgit/killall-tofu/src/renderer/components/Header.tsx": {"lines":{"total":5,"covered":0,"skipped":0,"pct":0},"functions":{"total":2,"covered":0,"skipped":0,"pct":0},"statements":{"total":5,"covered":0,"skipped":0,"pct":0},"branches":{"total":2,"covered":0,"skipped":0,"pct":0}}
,"/Users/ryan/Code/killallgit/killall-tofu/src/renderer/components/ProjectItem.tsx": {"lines":{"total":26,"covered":0,"skipped":0,"pct":0},"functions":{"total":4,"covered":0,"skipped":0,"pct":0},"statements":{"total":33,"covered":0,"skipped":0,"pct":0},"branches":{"total":28,"covered":0,"skipped":0,"pct":0}}
,"/Users/ryan/Code/killallgit/killall-tofu/src/renderer/components/ProjectList.tsx": {"lines":{"total":7,"covered":0,"skipped":0,"pct":0},"functions":{"total":3,"covered":0,"skipped":0,"pct":0},"statements":{"total":7,"covered":0,"skipped":0,"pct":0},"branches":{"total":7,"covered":0,"skipped":0,"pct":0}}
,"/Users/ryan/Code/killallgit/killall-tofu/src/shared/types.ts": {"lines":{"total":14,"covered":4,"skipped":0,"pct":28.57},"functions":{"total":4,"covered":0,"skipped":0,"pct":0},"statements":{"total":14,"covered":4,"skipped":0,"pct":28.57},"branches":{"total":0,"covered":0,"skipped":0,"pct":100}}
,"/Users/ryan/Code/killallgit/killall-tofu/src/shared/fixtures/projects/sample-projects.ts": {"lines":{"total":35,"covered":24,"skipped":0,"pct":68.57},"functions":{"total":18,"covered":10,"skipped":0,"pct":55.55},"statements":{"total":38,"covered":25,"skipped":0,"pct":65.78},"branches":{"total":12,"covered":6,"skipped":0,"pct":50}}
,"/Users/ryan/Code/killallgit/killall-tofu/src/shared/mocks/database.ts": {"lines":{"total":92,"covered":9,"skipped":0,"pct":9.78},"functions":{"total":38,"covered":0,"skipped":0,"pct":0},"statements":{"total":102,"covered":12,"skipped":0,"pct":11.76},"branches":{"total":34,"covered":0,"skipped":0,"pct":0}}
,"/Users/ryan/Code/killallgit/killall-tofu/src/shared/mocks/executor.ts": {"lines":{"total":107,"covered":8,"skipped":0,"pct":7.47},"functions":{"total":37,"covered":0,"skipped":0,"pct":0},"statements":{"total":115,"covered":12,"skipped":0,"pct":10.43},"branches":{"total":36,"covered":0,"skipped":0,"pct":0}}
,"/Users/ryan/Code/killallgit/killall-tofu/src/shared/mocks/notifier.ts": {"lines":{"total":98,"covered":12,"skipped":0,"pct":12.24},"functions":{"total":41,"covered":0,"skipped":0,"pct":0},"statements":{"total":113,"covered":20,"skipped":0,"pct":17.69},"branches":{"total":29,"covered":0,"skipped":0,"pct":0}}
,"/Users/ryan/Code/killallgit/killall-tofu/src/shared/mocks/scheduler.ts": {"lines":{"total":129,"covered":8,"skipped":0,"pct":6.2},"functions":{"total":37,"covered":0,"skipped":0,"pct":0},"statements":{"total":135,"covered":12,"skipped":0,"pct":8.88},"branches":{"total":42,"covered":0,"skipped":0,"pct":0}}
,"/Users/ryan/Code/killallgit/killall-tofu/src/shared/mocks/watcher.ts": {"lines":{"total":84,"covered":0,"skipped":0,"pct":0},"functions":{"total":39,"covered":0,"skipped":0,"pct":0},"statements":{"total":95,"covered":0,"skipped":0,"pct":0},"branches":{"total":35,"covered":0,"skipped":0,"pct":0}}
,"/Users/ryan/Code/killallgit/killall-tofu/src/shared/utils/duration.ts": {"lines":{"total":82,"covered":17,"skipped":0,"pct":20.73},"functions":{"total":27,"covered":1,"skipped":0,"pct":3.7},"statements":{"total":103,"covered":30,"skipped":0,"pct":29.12},"branches":{"total":30,"covered":0,"skipped":0,"pct":0}}
,"/Users/ryan/Code/killallgit/killall-tofu/src/shared/utils/functional.ts": {"lines":{"total":105,"covered":0,"skipped":0,"pct":0},"functions":{"total":71,"covered":0,"skipped":0,"pct":0},"statements":{"total":169,"covered":0,"skipped":0,"pct":0},"branches":{"total":21,"covered":0,"skipped":0,"pct":0}}
,"/Users/ryan/Code/killallgit/killall-tofu/src/shared/utils/paths.ts": {"lines":{"total":115,"covered":19,"skipped":0,"pct":16.52},"functions":{"total":15,"covered":0,"skipped":0,"pct":0},"statements":{"total":137,"covered":34,"skipped":0,"pct":24.81},"branches":{"total":46,"covered":0,"skipped":0,"pct":0}}
,"/Users/ryan/Code/killallgit/killall-tofu/src/shared/utils/result.ts": {"lines":{"total":76,"covered":19,"skipped":0,"pct":25},"functions":{"total":19,"covered":0,"skipped":0,"pct":0},"statements":{"total":98,"covered":38,"skipped":0,"pct":38.77},"branches":{"total":35,"covered":0,"skipped":0,"pct":0}}
,"/Users/ryan/Code/killallgit/killall-tofu/src/shared/utils/validation.ts": {"lines":{"total":179,"covered":29,"skipped":0,"pct":16.2},"functions":{"total":42,"covered":0,"skipped":0,"pct":0},"statements":{"total":223,"covered":54,"skipped":0,"pct":24.21},"branches":{"total":105,"covered":0,"skipped":0,"pct":0}}
}
