{"total": {"lines":{"total":2485,"covered":614,"skipped":0,"pct":24.7},"statements":{"total":2764,"covered":733,"skipped":0,"pct":26.51},"functions":{"total":646,"covered":141,"skipped":0,"pct":21.82},"branches":{"total":1124,"covered":269,"skipped":0,"pct":23.93},"branchesTrue":{"total":0,"covered":0,"skipped":0,"pct":100}}
,"/Users/ryan/Code/killallgit/killall-tofu/src/main/database/example.ts": {"lines":{"total":78,"covered":0,"skipped":0,"pct":0},"functions":{"total":2,"covered":0,"skipped":0,"pct":0},"statements":{"total":78,"covered":0,"skipped":0,"pct":0},"branches":{"total":28,"covered":0,"skipped":0,"pct":0}}
,"/Users/ryan/Code/killallgit/killall-tofu/src/main/database/factory.ts": {"lines":{"total":22,"covered":0,"skipped":0,"pct":0},"functions":{"total":5,"covered":0,"skipped":0,"pct":0},"statements":{"total":26,"covered":0,"skipped":0,"pct":0},"branches":{"total":18,"covered":0,"skipped":0,"pct":0}}
,"/Users/ryan/Code/killallgit/killall-tofu/src/main/database/index.ts": {"lines":{"total":109,"covered":0,"skipped":0,"pct":0},"functions":{"total":33,"covered":0,"skipped":0,"pct":0},"statements":{"total":114,"covered":0,"skipped":0,"pct":0},"branches":{"total":40,"covered":0,"skipped":0,"pct":0}}
,"/Users/ryan/Code/killallgit/killall-tofu/src/main/database/migrator.ts": {"lines":{"total":80,"covered":0,"skipped":0,"pct":0},"functions":{"total":23,"covered":0,"skipped":0,"pct":0},"statements":{"total":81,"covered":0,"skipped":0,"pct":0},"branches":{"total":32,"covered":0,"skipped":0,"pct":0}}
,"/Users/ryan/Code/killallgit/killall-tofu/src/main/database/drizzle/connection.ts": {"lines":{"total":35,"covered":0,"skipped":0,"pct":0},"functions":{"total":6,"covered":0,"skipped":0,"pct":0},"statements":{"total":40,"covered":0,"skipped":0,"pct":0},"branches":{"total":18,"covered":0,"skipped":0,"pct":0}}
,"/Users/ryan/Code/killallgit/killall-tofu/src/main/database/drizzle/schema/configs.ts": {"lines":{"total":5,"covered":0,"skipped":0,"pct":0},"functions":{"total":1,"covered":0,"skipped":0,"pct":0},"statements":{"total":5,"covered":0,"skipped":0,"pct":0},"branches":{"total":0,"covered":0,"skipped":0,"pct":100}}
,"/Users/ryan/Code/killallgit/killall-tofu/src/main/database/drizzle/schema/events.ts": {"lines":{"total":7,"covered":0,"skipped":0,"pct":0},"functions":{"total":2,"covered":0,"skipped":0,"pct":0},"statements":{"total":7,"covered":0,"skipped":0,"pct":0},"branches":{"total":0,"covered":0,"skipped":0,"pct":100}}
,"/Users/ryan/Code/killallgit/killall-tofu/src/main/database/drizzle/schema/executions.ts": {"lines":{"total":6,"covered":0,"skipped":0,"pct":0},"functions":{"total":2,"covered":0,"skipped":0,"pct":0},"statements":{"total":6,"covered":0,"skipped":0,"pct":0},"branches":{"total":0,"covered":0,"skipped":0,"pct":100}}
,"/Users/ryan/Code/killallgit/killall-tofu/src/main/database/drizzle/schema/index.ts": {"lines":{"total":13,"covered":0,"skipped":0,"pct":0},"functions":{"total":7,"covered":0,"skipped":0,"pct":0},"statements":{"total":17,"covered":0,"skipped":0,"pct":0},"branches":{"total":0,"covered":0,"skipped":0,"pct":100}}
,"/Users/ryan/Code/killallgit/killall-tofu/src/main/database/drizzle/schema/projects.ts": {"lines":{"total":5,"covered":0,"skipped":0,"pct":0},"functions":{"total":1,"covered":0,"skipped":0,"pct":0},"statements":{"total":5,"covered":0,"skipped":0,"pct":0},"branches":{"total":0,"covered":0,"skipped":0,"pct":100}}
,"/Users/ryan/Code/killallgit/killall-tofu/src/main/database/drizzle/schema/relations.ts": {"lines":{"total":7,"covered":0,"skipped":0,"pct":0},"functions":{"total":3,"covered":0,"skipped":0,"pct":0},"statements":{"total":10,"covered":0,"skipped":0,"pct":0},"branches":{"total":0,"covered":0,"skipped":0,"pct":100}}
,"/Users/ryan/Code/killallgit/killall-tofu/src/main/database/repositories/events.ts": {"lines":{"total":48,"covered":0,"skipped":0,"pct":0},"functions":{"total":19,"covered":0,"skipped":0,"pct":0},"statements":{"total":50,"covered":0,"skipped":0,"pct":0},"branches":{"total":33,"covered":0,"skipped":0,"pct":0}}
,"/Users/ryan/Code/killallgit/killall-tofu/src/main/database/repositories/executions.ts": {"lines":{"total":51,"covered":0,"skipped":0,"pct":0},"functions":{"total":20,"covered":0,"skipped":0,"pct":0},"statements":{"total":53,"covered":0,"skipped":0,"pct":0},"branches":{"total":46,"covered":0,"skipped":0,"pct":0}}
,"/Users/ryan/Code/killallgit/killall-tofu/src/main/database/repositories/projects.ts": {"lines":{"total":72,"covered":0,"skipped":0,"pct":0},"functions":{"total":27,"covered":0,"skipped":0,"pct":0},"statements":{"total":74,"covered":0,"skipped":0,"pct":0},"branches":{"total":36,"covered":0,"skipped":0,"pct":0}}
,"/Users/ryan/Code/killallgit/killall-tofu/src/main/services/configExample.ts": {"lines":{"total":113,"covered":0,"skipped":0,"pct":0},"functions":{"total":2,"covered":0,"skipped":0,"pct":0},"statements":{"total":113,"covered":0,"skipped":0,"pct":0},"branches":{"total":30,"covered":0,"skipped":0,"pct":0}}
,"/Users/ryan/Code/killallgit/killall-tofu/src/main/services/configManager.ts": {"lines":{"total":122,"covered":0,"skipped":0,"pct":0},"functions":{"total":23,"covered":0,"skipped":0,"pct":0},"statements":{"total":124,"covered":0,"skipped":0,"pct":0},"branches":{"total":63,"covered":0,"skipped":0,"pct":0}}
,"/Users/ryan/Code/killallgit/killall-tofu/src/main/services/configRepository.ts": {"lines":{"total":130,"covered":0,"skipped":0,"pct":0},"functions":{"total":15,"covered":0,"skipped":0,"pct":0},"statements":{"total":130,"covered":0,"skipped":0,"pct":0},"branches":{"total":67,"covered":0,"skipped":0,"pct":0}}
,"/Users/ryan/Code/killallgit/killall-tofu/src/main/services/configValidator.ts": {"lines":{"total":109,"covered":87,"skipped":0,"pct":79.81},"functions":{"total":8,"covered":7,"skipped":0,"pct":87.5},"statements":{"total":116,"covered":94,"skipped":0,"pct":81.03},"branches":{"total":112,"covered":90,"skipped":0,"pct":80.35}}
,"/Users/ryan/Code/killallgit/killall-tofu/src/main/services/fileWatcher.ts": {"lines":{"total":135,"covered":5,"skipped":0,"pct":3.7},"functions":{"total":22,"covered":0,"skipped":0,"pct":0},"statements":{"total":138,"covered":5,"skipped":0,"pct":3.62},"branches":{"total":71,"covered":0,"skipped":0,"pct":0}}
,"/Users/ryan/Code/killallgit/killall-tofu/src/main/services/index.ts": {"lines":{"total":8,"covered":0,"skipped":0,"pct":0},"functions":{"total":7,"covered":0,"skipped":0,"pct":0},"statements":{"total":10,"covered":0,"skipped":0,"pct":0},"branches":{"total":0,"covered":0,"skipped":0,"pct":100}}
,"/Users/ryan/Code/killallgit/killall-tofu/src/main/services/projectDiscovery.ts": {"lines":{"total":151,"covered":22,"skipped":0,"pct":14.56},"functions":{"total":17,"covered":4,"skipped":0,"pct":23.52},"statements":{"total":155,"covered":22,"skipped":0,"pct":14.19},"branches":{"total":61,"covered":3,"skipped":0,"pct":4.91}}
,"/Users/ryan/Code/killallgit/killall-tofu/src/renderer/App.tsx": {"lines":{"total":19,"covered":0,"skipped":0,"pct":0},"functions":{"total":4,"covered":0,"skipped":0,"pct":0},"statements":{"total":19,"covered":0,"skipped":0,"pct":0},"branches":{"total":7,"covered":0,"skipped":0,"pct":0}}
,"/Users/ryan/Code/killallgit/killall-tofu/src/renderer/index.tsx": {"lines":{"total":6,"covered":0,"skipped":0,"pct":0},"functions":{"total":0,"covered":0,"skipped":0,"pct":100},"statements":{"total":6,"covered":0,"skipped":0,"pct":0},"branches":{"total":0,"covered":0,"skipped":0,"pct":100}}
,"/Users/ryan/Code/killallgit/killall-tofu/src/renderer/components/Header.tsx": {"lines":{"total":5,"covered":0,"skipped":0,"pct":0},"functions":{"total":2,"covered":0,"skipped":0,"pct":0},"statements":{"total":5,"covered":0,"skipped":0,"pct":0},"branches":{"total":2,"covered":0,"skipped":0,"pct":0}}
,"/Users/ryan/Code/killallgit/killall-tofu/src/renderer/components/ProjectItem.tsx": {"lines":{"total":26,"covered":0,"skipped":0,"pct":0},"functions":{"total":4,"covered":0,"skipped":0,"pct":0},"statements":{"total":33,"covered":0,"skipped":0,"pct":0},"branches":{"total":28,"covered":0,"skipped":0,"pct":0}}
,"/Users/ryan/Code/killallgit/killall-tofu/src/renderer/components/ProjectList.tsx": {"lines":{"total":7,"covered":0,"skipped":0,"pct":0},"functions":{"total":3,"covered":0,"skipped":0,"pct":0},"statements":{"total":7,"covered":0,"skipped":0,"pct":0},"branches":{"total":7,"covered":0,"skipped":0,"pct":0}}
,"/Users/ryan/Code/killallgit/killall-tofu/src/shared/types.ts": {"lines":{"total":14,"covered":7,"skipped":0,"pct":50},"functions":{"total":4,"covered":1,"skipped":0,"pct":25},"statements":{"total":14,"covered":7,"skipped":0,"pct":50},"branches":{"total":0,"covered":0,"skipped":0,"pct":100}}
,"/Users/ryan/Code/killallgit/killall-tofu/src/shared/fixtures/projects/sample-projects.ts": {"lines":{"total":35,"covered":24,"skipped":0,"pct":68.57},"functions":{"total":18,"covered":10,"skipped":0,"pct":55.55},"statements":{"total":38,"covered":25,"skipped":0,"pct":65.78},"branches":{"total":12,"covered":6,"skipped":0,"pct":50}}
,"/Users/ryan/Code/killallgit/killall-tofu/src/shared/mocks/database.ts": {"lines":{"total":92,"covered":18,"skipped":0,"pct":19.56},"functions":{"total":38,"covered":6,"skipped":0,"pct":15.78},"statements":{"total":102,"covered":22,"skipped":0,"pct":21.56},"branches":{"total":34,"covered":2,"skipped":0,"pct":5.88}}
,"/Users/ryan/Code/killallgit/killall-tofu/src/shared/mocks/executor.ts": {"lines":{"total":107,"covered":44,"skipped":0,"pct":41.12},"functions":{"total":37,"covered":11,"skipped":0,"pct":29.72},"statements":{"total":115,"covered":48,"skipped":0,"pct":41.73},"branches":{"total":36,"covered":10,"skipped":0,"pct":27.77}}
,"/Users/ryan/Code/killallgit/killall-tofu/src/shared/mocks/notifier.ts": {"lines":{"total":98,"covered":33,"skipped":0,"pct":33.67},"functions":{"total":41,"covered":7,"skipped":0,"pct":17.07},"statements":{"total":113,"covered":42,"skipped":0,"pct":37.16},"branches":{"total":29,"covered":14,"skipped":0,"pct":48.27}}
,"/Users/ryan/Code/killallgit/killall-tofu/src/shared/mocks/scheduler.ts": {"lines":{"total":129,"covered":39,"skipped":0,"pct":30.23},"functions":{"total":37,"covered":7,"skipped":0,"pct":18.91},"statements":{"total":135,"covered":44,"skipped":0,"pct":32.59},"branches":{"total":42,"covered":9,"skipped":0,"pct":21.42}}
,"/Users/ryan/Code/killallgit/killall-tofu/src/shared/mocks/watcher.ts": {"lines":{"total":84,"covered":0,"skipped":0,"pct":0},"functions":{"total":39,"covered":0,"skipped":0,"pct":0},"statements":{"total":95,"covered":0,"skipped":0,"pct":0},"branches":{"total":35,"covered":0,"skipped":0,"pct":0}}
,"/Users/ryan/Code/killallgit/killall-tofu/src/shared/utils/duration.ts": {"lines":{"total":82,"covered":79,"skipped":0,"pct":96.34},"functions":{"total":27,"covered":27,"skipped":0,"pct":100},"statements":{"total":103,"covered":100,"skipped":0,"pct":97.08},"branches":{"total":30,"covered":26,"skipped":0,"pct":86.66}}
,"/Users/ryan/Code/killallgit/killall-tofu/src/shared/utils/functional.ts": {"lines":{"total":105,"covered":0,"skipped":0,"pct":0},"functions":{"total":71,"covered":0,"skipped":0,"pct":0},"statements":{"total":169,"covered":0,"skipped":0,"pct":0},"branches":{"total":21,"covered":0,"skipped":0,"pct":0}}
,"/Users/ryan/Code/killallgit/killall-tofu/src/shared/utils/paths.ts": {"lines":{"total":115,"covered":28,"skipped":0,"pct":24.34},"functions":{"total":15,"covered":2,"skipped":0,"pct":13.33},"statements":{"total":137,"covered":43,"skipped":0,"pct":31.38},"branches":{"total":46,"covered":6,"skipped":0,"pct":13.04}}
,"/Users/ryan/Code/killallgit/killall-tofu/src/shared/utils/result.ts": {"lines":{"total":76,"covered":71,"skipped":0,"pct":93.42},"functions":{"total":19,"covered":19,"skipped":0,"pct":100},"statements":{"total":98,"covered":93,"skipped":0,"pct":94.89},"branches":{"total":35,"covered":28,"skipped":0,"pct":80}}
,"/Users/ryan/Code/killallgit/killall-tofu/src/shared/utils/validation.ts": {"lines":{"total":179,"covered":157,"skipped":0,"pct":87.7},"functions":{"total":42,"covered":40,"skipped":0,"pct":95.23},"statements":{"total":223,"covered":188,"skipped":0,"pct":84.3},"branches":{"total":105,"covered":75,"skipped":0,"pct":71.42}}
}
