TN:
SF:src/main/database/example.ts
FN:10,exampleUsage
FN:105,(anonymous_1)
FNF:2
FNH:0
FNDA:0,exampleUsage
FNDA:0,(anonymous_1)
DA:8,0
DA:12,0
DA:14,0
DA:16,0
DA:17,0
DA:18,0
DA:19,0
DA:20,0
DA:22,0
DA:25,0
DA:26,0
DA:27,0
DA:28,0
DA:29,0
DA:31,0
DA:34,0
DA:35,0
DA:36,0
DA:37,0
DA:39,0
DA:42,0
DA:55,0
DA:56,0
DA:57,0
DA:58,0
DA:59,0
DA:61,0
DA:64,0
DA:65,0
DA:70,0
DA:71,0
DA:72,0
DA:74,0
DA:77,0
DA:78,0
DA:79,0
DA:80,0
DA:81,0
DA:83,0
DA:86,0
DA:87,0
DA:96,0
DA:97,0
DA:98,0
DA:99,0
DA:101,0
DA:104,0
DA:105,0
DA:107,0
DA:110,0
DA:111,0
DA:115,0
DA:120,0
DA:121,0
DA:124,0
DA:127,0
DA:128,0
DA:129,0
DA:131,0
DA:134,0
DA:135,0
DA:136,0
DA:137,0
DA:139,0
DA:142,0
DA:143,0
DA:144,0
DA:145,0
DA:146,0
DA:148,0
DA:152,0
DA:153,0
DA:154,0
DA:155,0
DA:157,0
DA:163,0
DA:164,0
DA:167,0
LF:78
LH:0
BRDA:18,0,0,0
BRDA:18,0,1,0
BRDA:27,1,0,0
BRDA:27,1,1,0
BRDA:35,2,0,0
BRDA:35,2,1,0
BRDA:57,3,0,0
BRDA:57,3,1,0
BRDA:70,4,0,0
BRDA:70,4,1,0
BRDA:79,5,0,0
BRDA:79,5,1,0
BRDA:97,6,0,0
BRDA:97,6,1,0
BRDA:110,7,0,0
BRDA:110,7,1,0
BRDA:120,8,0,0
BRDA:120,8,1,0
BRDA:127,9,0,0
BRDA:127,9,1,0
BRDA:135,10,0,0
BRDA:135,10,1,0
BRDA:144,11,0,0
BRDA:144,11,1,0
BRDA:154,12,0,0
BRDA:154,12,1,0
BRDA:163,13,0,0
BRDA:163,13,1,0
BRF:28
BRH:0
end_of_record
TN:
SF:src/main/database/factory.ts
FN:30,(anonymous_0)
FN:35,(anonymous_1)
FN:73,(anonymous_2)
FN:94,(anonymous_3)
FN:116,(anonymous_4)
FNF:5
FNH:0
FNDA:0,(anonymous_0)
FNDA:0,(anonymous_1)
FNDA:0,(anonymous_2)
FNDA:0,(anonymous_3)
FNDA:0,(anonymous_4)
DA:3,0
DA:5,0
DA:30,0
DA:33,0
DA:35,0
DA:36,0
DA:37,0
DA:46,0
DA:47,0
DA:50,0
DA:52,0
DA:61,0
DA:73,0
DA:78,0
DA:79,0
DA:94,0
DA:98,0
DA:99,0
DA:116,0
DA:117,0
DA:118,0
DA:119,0
LF:22
LH:0
BRDA:36,0,0,0
BRDA:36,0,1,0
BRDA:54,1,0,0
BRDA:54,1,1,0
BRDA:80,2,0,0
BRDA:80,2,1,0
BRDA:80,2,2,0
BRDA:80,2,3,0
BRDA:80,2,4,0
BRDA:100,3,0,0
BRDA:100,3,1,0
BRDA:100,3,2,0
BRDA:100,3,3,0
BRDA:100,3,4,0
BRDA:100,3,5,0
BRDA:100,3,6,0
BRDA:117,4,0,0
BRDA:117,4,1,0
BRF:18
BRH:0
end_of_record
TN:
SF:src/main/database/index.ts
FN:28,(anonymous_4)
FN:39,(anonymous_5)
FN:48,(anonymous_6)
FN:49,(anonymous_7)
FN:61,(anonymous_8)
FN:85,(anonymous_9)
FN:94,(anonymous_10)
FN:99,(anonymous_11)
FN:100,(anonymous_12)
FN:113,(anonymous_13)
FN:118,(anonymous_14)
FN:122,(anonymous_15)
FN:123,(anonymous_16)
FN:131,(anonymous_17)
FN:133,(anonymous_18)
FN:142,(anonymous_19)
FN:144,(anonymous_20)
FN:154,(anonymous_21)
FN:159,(anonymous_22)
FN:164,(anonymous_23)
FN:174,(anonymous_24)
FN:175,(anonymous_25)
FN:205,(anonymous_26)
FN:210,(anonymous_27)
FN:211,(anonymous_28)
FN:222,(anonymous_29)
FN:232,(anonymous_30)
FN:242,(anonymous_31)
FN:243,(anonymous_32)
FN:270,(anonymous_33)
FN:271,(anonymous_34)
FN:272,(anonymous_35)
FN:273,(anonymous_36)
FNF:33
FNH:0
FNDA:0,(anonymous_4)
FNDA:0,(anonymous_5)
FNDA:0,(anonymous_6)
FNDA:0,(anonymous_7)
FNDA:0,(anonymous_8)
FNDA:0,(anonymous_9)
FNDA:0,(anonymous_10)
FNDA:0,(anonymous_11)
FNDA:0,(anonymous_12)
FNDA:0,(anonymous_13)
FNDA:0,(anonymous_14)
FNDA:0,(anonymous_15)
FNDA:0,(anonymous_16)
FNDA:0,(anonymous_17)
FNDA:0,(anonymous_18)
FNDA:0,(anonymous_19)
FNDA:0,(anonymous_20)
FNDA:0,(anonymous_21)
FNDA:0,(anonymous_22)
FNDA:0,(anonymous_23)
FNDA:0,(anonymous_24)
FNDA:0,(anonymous_25)
FNDA:0,(anonymous_26)
FNDA:0,(anonymous_27)
FNDA:0,(anonymous_28)
FNDA:0,(anonymous_29)
FNDA:0,(anonymous_30)
FNDA:0,(anonymous_31)
FNDA:0,(anonymous_32)
FNDA:0,(anonymous_33)
FNDA:0,(anonymous_34)
FNDA:0,(anonymous_35)
FNDA:0,(anonymous_36)
DA:1,0
DA:2,0
DA:3,0
DA:4,0
DA:6,0
DA:13,0
DA:14,0
DA:15,0
DA:16,0
DA:18,0
DA:19,0
DA:20,0
DA:30,0
DA:33,0
DA:34,0
DA:35,0
DA:40,0
DA:42,0
DA:43,0
DA:44,0
DA:48,0
DA:49,0
DA:50,0
DA:51,0
DA:52,0
DA:55,0
DA:56,0
DA:57,0
DA:61,0
DA:62,0
DA:63,0
DA:64,0
DA:68,0
DA:69,0
DA:70,0
DA:73,0
DA:75,0
DA:80,0
DA:86,0
DA:87,0
DA:90,0
DA:95,0
DA:96,0
DA:99,0
DA:100,0
DA:101,0
DA:102,0
DA:104,0
DA:105,0
DA:106,0
DA:114,0
DA:115,0
DA:118,0
DA:119,0
DA:122,0
DA:123,0
DA:124,0
DA:125,0
DA:126,0
DA:130,0
DA:133,0
DA:134,0
DA:135,0
DA:136,0
DA:138,0
DA:144,0
DA:145,0
DA:155,0
DA:160,0
DA:165,0
DA:166,0
DA:172,0
DA:174,0
DA:175,0
DA:176,0
DA:177,0
DA:181,0
DA:184,0
DA:185,0
DA:186,0
DA:189,0
DA:197,0
DA:206,0
DA:207,0
DA:210,0
DA:211,0
DA:212,0
DA:213,0
DA:215,0
DA:228,0
DA:229,0
DA:232,0
DA:233,0
DA:239,0
DA:240,0
DA:242,0
DA:243,0
DA:244,0
DA:245,0
DA:246,0
DA:249,0
DA:250,0
DA:252,0
DA:253,0
DA:269,0
DA:270,0
DA:271,0
DA:272,0
DA:273,0
LF:109
LH:0
BRDA:30,0,0,0
BRDA:30,0,1,0
BRDA:43,1,0,0
BRDA:43,1,1,0
BRDA:50,2,0,0
BRDA:50,2,1,0
BRDA:55,3,0,0
BRDA:55,3,1,0
BRDA:62,4,0,0
BRDA:62,4,1,0
BRDA:86,5,0,0
BRDA:86,5,1,0
BRDA:95,6,0,0
BRDA:95,6,1,0
BRDA:101,7,0,0
BRDA:101,7,1,0
BRDA:114,8,0,0
BRDA:114,8,1,0
BRDA:124,9,0,0
BRDA:124,9,1,0
BRDA:134,10,0,0
BRDA:134,10,1,0
BRDA:165,11,0,0
BRDA:165,11,1,0
BRDA:165,12,0,0
BRDA:165,12,1,0
BRDA:176,13,0,0
BRDA:176,13,1,0
BRDA:185,14,0,0
BRDA:185,14,1,0
BRDA:206,15,0,0
BRDA:206,15,1,0
BRDA:212,16,0,0
BRDA:212,16,1,0
BRDA:228,17,0,0
BRDA:228,17,1,0
BRDA:244,18,0,0
BRDA:244,18,1,0
BRDA:252,19,0,0
BRDA:252,19,1,0
BRF:40
BRH:0
end_of_record
TN:
SF:src/main/database/migrator.ts
FN:24,(anonymous_0)
FN:30,(anonymous_1)
FN:31,(anonymous_2)
FN:40,(anonymous_3)
FN:51,(anonymous_4)
FN:52,(anonymous_5)
FN:55,(anonymous_6)
FN:67,(anonymous_7)
FN:73,(anonymous_8)
FN:74,(anonymous_9)
FN:87,(anonymous_10)
FN:96,(anonymous_11)
FN:97,(anonymous_12)
FN:98,(anonymous_13)
FN:99,(anonymous_14)
FN:106,(anonymous_15)
FN:119,(anonymous_16)
FN:126,(anonymous_17)
FN:141,(anonymous_18)
FN:163,(anonymous_19)
FN:186,(anonymous_20)
FN:187,(anonymous_21)
FN:194,(anonymous_22)
FNF:23
FNH:0
FNDA:0,(anonymous_0)
FNDA:0,(anonymous_1)
FNDA:0,(anonymous_2)
FNDA:0,(anonymous_3)
FNDA:0,(anonymous_4)
FNDA:0,(anonymous_5)
FNDA:0,(anonymous_6)
FNDA:0,(anonymous_7)
FNDA:0,(anonymous_8)
FNDA:0,(anonymous_9)
FNDA:0,(anonymous_10)
FNDA:0,(anonymous_11)
FNDA:0,(anonymous_12)
FNDA:0,(anonymous_13)
FNDA:0,(anonymous_14)
FNDA:0,(anonymous_15)
FNDA:0,(anonymous_16)
FNDA:0,(anonymous_17)
FNDA:0,(anonymous_18)
FNDA:0,(anonymous_19)
FNDA:0,(anonymous_20)
FNDA:0,(anonymous_21)
FNDA:0,(anonymous_22)
DA:1,0
DA:2,0
DA:20,0
DA:25,0
DA:26,0
DA:31,0
DA:32,0
DA:40,0
DA:41,0
DA:42,0
DA:44,0
DA:52,0
DA:53,0
DA:55,0
DA:56,0
DA:57,0
DA:59,0
DA:60,0
DA:68,0
DA:69,0
DA:70,0
DA:72,0
DA:73,0
DA:75,0
DA:76,0
DA:77,0
DA:80,0
DA:81,0
DA:82,0
DA:83,0
DA:85,0
DA:87,0
DA:89,0
DA:91,0
DA:97,0
DA:98,0
DA:99,0
DA:100,0
DA:101,0
DA:102,0
DA:106,0
DA:107,0
DA:108,0
DA:109,0
DA:110,0
DA:114,0
DA:119,0
DA:120,0
DA:121,0
DA:122,0
DA:123,0
DA:126,0
DA:127,0
DA:128,0
DA:130,0
DA:143,0
DA:144,0
DA:145,0
DA:149,0
DA:150,0
DA:151,0
DA:154,0
DA:157,0
DA:158,0
DA:159,0
DA:162,0
DA:163,0
DA:165,0
DA:166,0
DA:170,0
DA:171,0
DA:172,0
DA:173,0
DA:182,0
DA:187,0
DA:188,0
DA:194,0
DA:195,0
DA:196,0
DA:198,0
LF:80
LH:0
BRDA:26,0,0,0
BRDA:26,0,1,0
BRDA:41,1,0,0
BRDA:41,1,1,0
BRDA:56,2,0,0
BRDA:56,2,1,0
BRDA:59,3,0,0
BRDA:59,3,1,0
BRDA:76,4,0,0
BRDA:76,4,1,0
BRDA:100,5,0,0
BRDA:100,5,1,0
BRDA:107,6,0,0
BRDA:107,6,1,0
BRDA:120,7,0,0
BRDA:120,7,1,0
BRDA:127,8,0,0
BRDA:127,8,1,0
BRDA:144,9,0,0
BRDA:144,9,1,0
BRDA:150,10,0,0
BRDA:150,10,1,0
BRDA:158,11,0,0
BRDA:158,11,1,0
BRDA:165,12,0,0
BRDA:165,12,1,0
BRDA:172,13,0,0
BRDA:172,13,1,0
BRDA:195,14,0,0
BRDA:195,14,1,0
BRDA:198,15,0,0
BRDA:198,15,1,0
BRF:32
BRH:0
end_of_record
TN:
SF:src/main/database/drizzle/connection.ts
FN:43,(anonymous_1)
FN:48,(anonymous_2)
FN:103,(anonymous_3)
FN:107,(anonymous_4)
FN:116,(anonymous_5)
FN:139,(anonymous_6)
FNF:6
FNH:0
FNDA:0,(anonymous_1)
FNDA:0,(anonymous_2)
FNDA:0,(anonymous_3)
FNDA:0,(anonymous_4)
FNDA:0,(anonymous_5)
FNDA:0,(anonymous_6)
DA:1,0
DA:2,0
DA:3,0
DA:19,0
DA:43,0
DA:46,0
DA:48,0
DA:51,0
DA:52,0
DA:60,0
DA:61,0
DA:63,0
DA:65,0
DA:67,0
DA:71,0
DA:72,0
DA:76,0
DA:77,0
DA:81,0
DA:84,0
DA:93,0
DA:103,0
DA:107,0
DA:116,0
DA:119,0
DA:121,0
DA:122,0
DA:124,0
DA:139,0
DA:142,0
DA:145,0
DA:147,0
DA:148,0
DA:151,0
DA:153,0
LF:35
LH:0
BRDA:53,0,0,0
BRDA:53,0,1,0
BRDA:67,1,0,0
BRDA:67,1,1,0
BRDA:67,2,0,0
BRDA:67,2,1,0
BRDA:71,3,0,0
BRDA:71,3,1,0
BRDA:86,4,0,0
BRDA:86,4,1,0
BRDA:126,5,0,0
BRDA:126,5,1,0
BRDA:147,6,0,0
BRDA:147,6,1,0
BRDA:147,7,0,0
BRDA:147,7,1,0
BRDA:155,8,0,0
BRDA:155,8,1,0
BRF:18
BRH:0
end_of_record
TN:
SF:src/main/database/drizzle/schema/configs.ts
FN:24,(anonymous_0)
FNF:1
FNH:0
FNDA:0,(anonymous_0)
DA:1,0
DA:2,0
DA:8,0
DA:24,0
DA:36,0
LF:5
LH:0
BRF:0
BRH:0
end_of_record
TN:
SF:src/main/database/drizzle/schema/events.ts
FN:16,(anonymous_0)
FN:40,(anonymous_1)
FNF:2
FNH:0
FNDA:0,(anonymous_0)
FNDA:0,(anonymous_1)
DA:1,0
DA:2,0
DA:4,0
DA:10,0
DA:16,0
DA:40,0
DA:54,0
LF:7
LH:0
BRF:0
BRH:0
end_of_record
TN:
SF:src/main/database/drizzle/schema/executions.ts
FN:16,(anonymous_0)
FN:46,(anonymous_1)
FNF:2
FNH:0
FNDA:0,(anonymous_0)
FNDA:0,(anonymous_1)
DA:1,0
DA:3,0
DA:9,0
DA:16,0
DA:46,0
DA:60,0
LF:6
LH:0
BRF:0
BRH:0
end_of_record
TN:
SF:src/main/database/drizzle/schema/index.ts
FN:16,(anonymous_4)
FN:17,(anonymous_5)
FN:18,(anonymous_6)
FN:19,(anonymous_7)
FN:23,(anonymous_8)
FN:24,(anonymous_9)
FN:25,(anonymous_10)
FNF:7
FNH:0
FNDA:0,(anonymous_4)
FNDA:0,(anonymous_5)
FNDA:0,(anonymous_6)
FNDA:0,(anonymous_7)
FNDA:0,(anonymous_8)
FNDA:0,(anonymous_9)
FNDA:0,(anonymous_10)
DA:7,0
DA:8,0
DA:9,0
DA:10,0
DA:13,0
DA:16,0
DA:17,0
DA:18,0
DA:19,0
DA:22,0
DA:23,0
DA:24,0
DA:25,0
LF:13
LH:0
BRF:0
BRH:0
end_of_record
TN:
SF:src/main/database/drizzle/schema/projects.ts
FN:40,(anonymous_0)
FNF:1
FNH:0
FNDA:0,(anonymous_0)
DA:1,0
DA:2,0
DA:8,0
DA:40,0
DA:54,0
LF:5
LH:0
BRF:0
BRH:0
end_of_record
TN:
SF:src/main/database/drizzle/schema/relations.ts
FN:13,(anonymous_0)
FN:19,(anonymous_1)
FN:27,(anonymous_2)
FNF:3
FNH:0
FNDA:0,(anonymous_0)
FNDA:0,(anonymous_1)
FNDA:0,(anonymous_2)
DA:1,0
DA:3,0
DA:4,0
DA:5,0
DA:13,0
DA:19,0
DA:27,0
LF:7
LH:0
BRF:0
BRH:0
end_of_record
TN:
SF:src/main/database/repositories/events.ts
FN:13,(anonymous_0)
FN:18,(anonymous_1)
FN:19,(anonymous_2)
FN:33,(anonymous_3)
FN:44,(anonymous_4)
FN:50,(anonymous_5)
FN:86,(anonymous_6)
FN:90,(anonymous_7)
FN:98,(anonymous_8)
FN:103,(anonymous_9)
FN:108,(anonymous_10)
FN:113,(anonymous_11)
FN:114,(anonymous_12)
FN:125,(anonymous_13)
FN:129,(anonymous_14)
FN:137,(anonymous_15)
FN:138,(anonymous_16)
FN:141,(anonymous_17)
FN:152,(anonymous_18)
FNF:19
FNH:0
FNDA:0,(anonymous_0)
FNDA:0,(anonymous_1)
FNDA:0,(anonymous_2)
FNDA:0,(anonymous_3)
FNDA:0,(anonymous_4)
FNDA:0,(anonymous_5)
FNDA:0,(anonymous_6)
FNDA:0,(anonymous_7)
FNDA:0,(anonymous_8)
FNDA:0,(anonymous_9)
FNDA:0,(anonymous_10)
FNDA:0,(anonymous_11)
FNDA:0,(anonymous_12)
FNDA:0,(anonymous_13)
FNDA:0,(anonymous_14)
FNDA:0,(anonymous_15)
FNDA:0,(anonymous_16)
FNDA:0,(anonymous_17)
FNDA:0,(anonymous_18)
DA:10,0
DA:14,0
DA:19,0
DA:20,0
DA:25,0
DA:26,0
DA:33,0
DA:34,0
DA:35,0
DA:37,0
DA:50,0
DA:52,0
DA:53,0
DA:55,0
DA:56,0
DA:57,0
DA:60,0
DA:61,0
DA:62,0
DA:65,0
DA:66,0
DA:67,0
DA:70,0
DA:74,0
DA:78,0
DA:86,0
DA:87,0
DA:88,0
DA:90,0
DA:91,0
DA:99,0
DA:104,0
DA:109,0
DA:114,0
DA:115,0
DA:117,0
DA:125,0
DA:126,0
DA:127,0
DA:129,0
DA:130,0
DA:138,0
DA:139,0
DA:141,0
DA:142,0
DA:143,0
DA:145,0
DA:153,0
LF:48
LH:0
BRDA:27,0,0,0
BRDA:27,0,1,0
BRDA:29,1,0,0
BRDA:29,1,1,0
BRDA:34,2,0,0
BRDA:34,2,1,0
BRDA:55,3,0,0
BRDA:55,3,1,0
BRDA:60,4,0,0
BRDA:60,4,1,0
BRDA:65,5,0,0
BRDA:65,5,1,0
BRDA:70,6,0,0
BRDA:70,6,1,0
BRDA:74,7,0,0
BRDA:74,7,1,0
BRDA:87,8,0,0
BRDA:87,8,1,0
BRDA:90,9,0,0
BRDA:90,9,1,0
BRDA:98,10,0,0
BRDA:115,11,0,0
BRDA:115,11,1,0
BRDA:126,12,0,0
BRDA:126,12,1,0
BRDA:129,13,0,0
BRDA:129,13,1,0
BRDA:142,14,0,0
BRDA:142,14,1,0
BRDA:155,15,0,0
BRDA:155,15,1,0
BRDA:157,16,0,0
BRDA:157,16,1,0
BRF:33
BRH:0
end_of_record
TN:
SF:src/main/database/repositories/executions.ts
FN:13,(anonymous_0)
FN:18,(anonymous_1)
FN:19,(anonymous_2)
FN:41,(anonymous_3)
FN:52,(anonymous_4)
FN:56,(anonymous_5)
FN:58,(anonymous_6)
FN:90,(anonymous_7)
FN:104,(anonymous_8)
FN:105,(anonymous_9)
FN:113,(anonymous_10)
FN:127,(anonymous_11)
FN:128,(anonymous_12)
FN:137,(anonymous_13)
FN:141,(anonymous_14)
FN:149,(anonymous_15)
FN:150,(anonymous_16)
FN:159,(anonymous_17)
FN:163,(anonymous_18)
FN:171,(anonymous_19)
FNF:20
FNH:0
FNDA:0,(anonymous_0)
FNDA:0,(anonymous_1)
FNDA:0,(anonymous_2)
FNDA:0,(anonymous_3)
FNDA:0,(anonymous_4)
FNDA:0,(anonymous_5)
FNDA:0,(anonymous_6)
FNDA:0,(anonymous_7)
FNDA:0,(anonymous_8)
FNDA:0,(anonymous_9)
FNDA:0,(anonymous_10)
FNDA:0,(anonymous_11)
FNDA:0,(anonymous_12)
FNDA:0,(anonymous_13)
FNDA:0,(anonymous_14)
FNDA:0,(anonymous_15)
FNDA:0,(anonymous_16)
FNDA:0,(anonymous_17)
FNDA:0,(anonymous_18)
FNDA:0,(anonymous_19)
DA:10,0
DA:14,0
DA:19,0
DA:20,0
DA:28,0
DA:41,0
DA:42,0
DA:43,0
DA:45,0
DA:56,0
DA:58,0
DA:59,0
DA:60,0
DA:61,0
DA:64,0
DA:65,0
DA:66,0
DA:69,0
DA:70,0
DA:75,0
DA:81,0
DA:90,0
DA:91,0
DA:92,0
DA:93,0
DA:94,0
DA:96,0
DA:105,0
DA:106,0
DA:113,0
DA:114,0
DA:115,0
DA:116,0
DA:117,0
DA:119,0
DA:120,0
DA:128,0
DA:129,0
DA:137,0
DA:138,0
DA:139,0
DA:141,0
DA:142,0
DA:150,0
DA:151,0
DA:159,0
DA:160,0
DA:161,0
DA:163,0
DA:164,0
DA:172,0
LF:51
LH:0
BRDA:33,0,0,0
BRDA:33,0,1,0
BRDA:34,1,0,0
BRDA:34,1,1,0
BRDA:35,2,0,0
BRDA:35,2,1,0
BRDA:36,3,0,0
BRDA:36,3,1,0
BRDA:42,4,0,0
BRDA:42,4,1,0
BRDA:59,5,0,0
BRDA:59,5,1,0
BRDA:64,6,0,0
BRDA:64,6,1,0
BRDA:82,7,0,0
BRDA:82,7,1,0
BRDA:83,8,0,0
BRDA:83,8,1,0
BRDA:84,9,0,0
BRDA:84,9,1,0
BRDA:85,10,0,0
BRDA:85,10,1,0
BRDA:91,11,0,0
BRDA:91,11,1,0
BRDA:93,12,0,0
BRDA:93,12,1,0
BRDA:114,13,0,0
BRDA:114,13,1,0
BRDA:116,14,0,0
BRDA:116,14,1,0
BRDA:138,15,0,0
BRDA:138,15,1,0
BRDA:141,16,0,0
BRDA:141,16,1,0
BRDA:160,17,0,0
BRDA:160,17,1,0
BRDA:163,18,0,0
BRDA:163,18,1,0
BRDA:178,19,0,0
BRDA:178,19,1,0
BRDA:179,20,0,0
BRDA:179,20,1,0
BRDA:180,21,0,0
BRDA:180,21,1,0
BRDA:181,22,0,0
BRDA:181,22,1,0
BRF:46
BRH:0
end_of_record
TN:
SF:src/main/database/repositories/projects.ts
FN:13,(anonymous_0)
FN:18,(anonymous_1)
FN:23,(anonymous_2)
FN:24,(anonymous_3)
FN:52,(anonymous_4)
FN:63,(anonymous_5)
FN:67,(anonymous_6)
FN:69,(anonymous_7)
FN:102,(anonymous_8)
FN:116,(anonymous_9)
FN:117,(anonymous_10)
FN:120,(anonymous_11)
FN:133,(anonymous_12)
FN:134,(anonymous_13)
FN:141,(anonymous_14)
FN:155,(anonymous_15)
FN:156,(anonymous_16)
FN:163,(anonymous_17)
FN:177,(anonymous_18)
FN:178,(anonymous_19)
FN:186,(anonymous_20)
FN:190,(anonymous_21)
FN:198,(anonymous_22)
FN:199,(anonymous_23)
FN:207,(anonymous_24)
FN:211,(anonymous_25)
FN:219,(anonymous_26)
FNF:27
FNH:0
FNDA:0,(anonymous_0)
FNDA:0,(anonymous_1)
FNDA:0,(anonymous_2)
FNDA:0,(anonymous_3)
FNDA:0,(anonymous_4)
FNDA:0,(anonymous_5)
FNDA:0,(anonymous_6)
FNDA:0,(anonymous_7)
FNDA:0,(anonymous_8)
FNDA:0,(anonymous_9)
FNDA:0,(anonymous_10)
FNDA:0,(anonymous_11)
FNDA:0,(anonymous_12)
FNDA:0,(anonymous_13)
FNDA:0,(anonymous_14)
FNDA:0,(anonymous_15)
FNDA:0,(anonymous_16)
FNDA:0,(anonymous_17)
FNDA:0,(anonymous_18)
FNDA:0,(anonymous_19)
FNDA:0,(anonymous_20)
FNDA:0,(anonymous_21)
FNDA:0,(anonymous_22)
FNDA:0,(anonymous_23)
FNDA:0,(anonymous_24)
FNDA:0,(anonymous_25)
FNDA:0,(anonymous_26)
DA:10,0
DA:14,0
DA:19,0
DA:24,0
DA:25,0
DA:26,0
DA:28,0
DA:35,0
DA:40,0
DA:52,0
DA:53,0
DA:54,0
DA:56,0
DA:67,0
DA:69,0
DA:70,0
DA:71,0
DA:72,0
DA:75,0
DA:76,0
DA:77,0
DA:80,0
DA:81,0
DA:87,0
DA:93,0
DA:102,0
DA:103,0
DA:104,0
DA:105,0
DA:106,0
DA:108,0
DA:117,0
DA:118,0
DA:120,0
DA:121,0
DA:122,0
DA:123,0
DA:124,0
DA:126,0
DA:134,0
DA:135,0
DA:141,0
DA:142,0
DA:143,0
DA:144,0
DA:145,0
DA:147,0
DA:148,0
DA:156,0
DA:157,0
DA:163,0
DA:164,0
DA:165,0
DA:166,0
DA:167,0
DA:169,0
DA:170,0
DA:178,0
DA:179,0
DA:186,0
DA:187,0
DA:188,0
DA:190,0
DA:191,0
DA:199,0
DA:200,0
DA:207,0
DA:208,0
DA:209,0
DA:211,0
DA:212,0
DA:220,0
LF:72
LH:0
BRDA:43,0,0,0
BRDA:43,0,1,0
BRDA:53,1,0,0
BRDA:53,1,1,0
BRDA:70,2,0,0
BRDA:70,2,1,0
BRDA:75,3,0,0
BRDA:75,3,1,0
BRDA:94,4,0,0
BRDA:94,4,1,0
BRDA:103,5,0,0
BRDA:103,5,1,0
BRDA:105,6,0,0
BRDA:105,6,1,0
BRDA:121,7,0,0
BRDA:121,7,1,0
BRDA:123,8,0,0
BRDA:123,8,1,0
BRDA:142,9,0,0
BRDA:142,9,1,0
BRDA:144,10,0,0
BRDA:144,10,1,0
BRDA:164,11,0,0
BRDA:164,11,1,0
BRDA:166,12,0,0
BRDA:166,12,1,0
BRDA:187,13,0,0
BRDA:187,13,1,0
BRDA:190,14,0,0
BRDA:190,14,1,0
BRDA:208,15,0,0
BRDA:208,15,1,0
BRDA:211,16,0,0
BRDA:211,16,1,0
BRDA:223,17,0,0
BRDA:223,17,1,0
BRF:36
BRH:0
end_of_record
TN:
SF:src/main/services/configExample.ts
FN:11,(anonymous_0)
FN:150,(anonymous_1)
FNF:2
FNH:0
FNDA:0,(anonymous_0)
FNDA:0,(anonymous_1)
DA:5,0
DA:7,0
DA:8,0
DA:11,0
DA:12,0
DA:13,0
DA:15,0
DA:17,0
DA:18,0
DA:19,0
DA:21,0
DA:22,0
DA:23,0
DA:25,0
DA:28,0
DA:29,0
DA:30,0
DA:31,0
DA:34,0
DA:35,0
DA:37,0
DA:38,0
DA:39,0
DA:40,0
DA:42,0
DA:45,0
DA:46,0
DA:47,0
DA:48,0
DA:49,0
DA:50,0
DA:51,0
DA:52,0
DA:56,0
DA:59,0
DA:60,0
DA:65,0
DA:66,0
DA:67,0
DA:68,0
DA:72,0
DA:73,0
DA:79,0
DA:80,0
DA:81,0
DA:82,0
DA:83,0
DA:87,0
DA:90,0
DA:91,0
DA:92,0
DA:93,0
DA:94,0
DA:98,0
DA:99,0
DA:100,0
DA:101,0
DA:102,0
DA:106,0
DA:107,0
DA:108,0
DA:109,0
DA:110,0
DA:114,0
DA:116,0
DA:117,0
DA:118,0
DA:119,0
DA:120,0
DA:123,0
DA:124,0
DA:125,0
DA:126,0
DA:127,0
DA:128,0
DA:132,0
DA:133,0
DA:134,0
DA:135,0
DA:136,0
DA:139,0
DA:140,0
DA:141,0
DA:142,0
DA:147,0
DA:149,0
DA:150,0
DA:151,0
DA:152,0
DA:153,0
DA:157,0
DA:162,0
DA:163,0
DA:166,0
DA:167,0
DA:168,0
DA:169,0
DA:170,0
DA:171,0
DA:172,0
DA:176,0
DA:179,0
DA:183,0
DA:184,0
DA:185,0
DA:188,0
DA:189,0
DA:192,0
DA:193,0
DA:196,0
DA:201,0
DA:204,0
DA:205,0
LF:113
LH:0
BRDA:21,0,0,0
BRDA:21,0,1,0
BRDA:38,1,0,0
BRDA:38,1,1,0
BRDA:47,2,0,0
BRDA:47,2,1,0
BRDA:65,3,0,0
BRDA:65,3,1,0
BRDA:79,4,0,0
BRDA:79,4,1,0
BRDA:92,5,0,0
BRDA:92,5,1,0
BRDA:100,6,0,0
BRDA:100,6,1,0
BRDA:108,7,0,0
BRDA:108,7,1,0
BRDA:117,8,0,0
BRDA:117,8,1,0
BRDA:124,9,0,0
BRDA:124,9,1,0
BRDA:134,10,0,0
BRDA:134,10,1,0
BRDA:141,11,0,0
BRDA:141,11,1,0
BRDA:168,12,0,0
BRDA:168,12,1,0
BRDA:183,13,0,0
BRDA:183,13,1,0
BRDA:204,14,0,0
BRDA:204,14,1,0
BRF:30
BRH:0
end_of_record
TN:
SF:src/main/services/configManager.ts
FN:57,(anonymous_0)
FN:62,(anonymous_1)
FN:88,(anonymous_2)
FN:98,(anonymous_3)
FN:123,(anonymous_4)
FN:131,(anonymous_5)
FN:139,(anonymous_6)
FN:148,(anonymous_7)
FN:161,(anonymous_8)
FN:174,(anonymous_9)
FN:188,(anonymous_10)
FN:204,(anonymous_11)
FN:210,(anonymous_12)
FN:217,(anonymous_13)
FN:226,(anonymous_14)
FN:244,(anonymous_15)
FN:262,(anonymous_16)
FN:268,(anonymous_17)
FN:278,(anonymous_18)
FN:316,(anonymous_19)
FN:351,(anonymous_20)
FN:353,(anonymous_21)
FN:365,(anonymous_22)
FNF:23
FNH:0
FNDA:0,(anonymous_0)
FNDA:0,(anonymous_1)
FNDA:0,(anonymous_2)
FNDA:0,(anonymous_3)
FNDA:0,(anonymous_4)
FNDA:0,(anonymous_5)
FNDA:0,(anonymous_6)
FNDA:0,(anonymous_7)
FNDA:0,(anonymous_8)
FNDA:0,(anonymous_9)
FNDA:0,(anonymous_10)
FNDA:0,(anonymous_11)
FNDA:0,(anonymous_12)
FNDA:0,(anonymous_13)
FNDA:0,(anonymous_14)
FNDA:0,(anonymous_15)
FNDA:0,(anonymous_16)
FNDA:0,(anonymous_17)
FNDA:0,(anonymous_18)
FNDA:0,(anonymous_19)
FNDA:0,(anonymous_20)
FNDA:0,(anonymous_21)
FNDA:0,(anonymous_22)
DA:52,0
DA:53,0
DA:55,0
DA:58,0
DA:63,0
DA:64,0
DA:66,0
DA:67,0
DA:71,0
DA:72,0
DA:73,0
DA:74,0
DA:76,0
DA:78,0
DA:81,0
DA:83,0
DA:89,0
DA:90,0
DA:94,0
DA:99,0
DA:100,0
DA:103,0
DA:104,0
DA:109,0
DA:110,0
DA:113,0
DA:114,0
DA:116,0
DA:118,0
DA:124,0
DA:125,0
DA:126,0
DA:128,0
DA:132,0
DA:133,0
DA:134,0
DA:136,0
DA:140,0
DA:141,0
DA:142,0
DA:144,0
DA:149,0
DA:150,0
DA:151,0
DA:154,0
DA:158,0
DA:162,0
DA:163,0
DA:164,0
DA:167,0
DA:171,0
DA:175,0
DA:176,0
DA:177,0
DA:180,0
DA:184,0
DA:189,0
DA:190,0
DA:191,0
DA:194,0
DA:195,0
DA:196,0
DA:199,0
DA:205,0
DA:206,0
DA:207,0
DA:210,0
DA:211,0
DA:218,0
DA:219,0
DA:220,0
DA:222,0
DA:227,0
DA:228,0
DA:230,0
DA:231,0
DA:234,0
DA:235,0
DA:237,0
DA:239,0
DA:245,0
DA:246,0
DA:248,0
DA:249,0
DA:252,0
DA:253,0
DA:255,0
DA:257,0
DA:263,0
DA:264,0
DA:265,0
DA:268,0
DA:269,0
DA:270,0
DA:271,0
DA:272,0
DA:279,0
DA:281,0
DA:282,0
DA:283,0
DA:286,0
DA:287,0
DA:288,0
DA:294,0
DA:295,0
DA:296,0
DA:297,0
DA:302,0
DA:303,0
DA:304,0
DA:305,0
DA:309,0
DA:311,0
DA:317,0
DA:347,0
DA:348,0
DA:352,0
DA:353,0
DA:354,0
DA:355,0
DA:365,0
DA:366,0
LF:122
LH:0
BRDA:66,0,0,0
BRDA:66,0,1,0
BRDA:71,1,0,0
BRDA:71,1,1,0
BRDA:73,2,0,0
BRDA:73,2,1,0
BRDA:89,3,0,0
BRDA:89,3,1,0
BRDA:99,4,0,0
BRDA:99,4,1,0
BRDA:109,5,0,0
BRDA:109,5,1,0
BRDA:125,6,0,0
BRDA:125,6,1,0
BRDA:133,7,0,0
BRDA:133,7,1,0
BRDA:141,8,0,0
BRDA:141,8,1,0
BRDA:150,9,0,0
BRDA:150,9,1,0
BRDA:163,10,0,0
BRDA:163,10,1,0
BRDA:176,11,0,0
BRDA:176,11,1,0
BRDA:190,12,0,0
BRDA:190,12,1,0
BRDA:195,13,0,0
BRDA:195,13,1,0
BRDA:206,14,0,0
BRDA:206,14,1,0
BRDA:230,15,0,0
BRDA:230,15,1,0
BRDA:248,16,0,0
BRDA:248,16,1,0
BRDA:263,17,0,0
BRDA:263,17,1,0
BRDA:269,18,0,0
BRDA:269,18,1,0
BRDA:271,19,0,0
BRDA:271,19,1,0
BRDA:281,20,0,0
BRDA:281,20,1,0
BRDA:282,21,0,0
BRDA:282,21,1,0
BRDA:287,22,0,0
BRDA:287,22,1,0
BRDA:287,23,0,0
BRDA:287,23,1,0
BRDA:294,24,0,0
BRDA:294,24,1,0
BRDA:296,25,0,0
BRDA:296,25,1,0
BRDA:296,26,0,0
BRDA:296,26,1,0
BRDA:302,27,0,0
BRDA:302,27,1,0
BRDA:304,28,0,0
BRDA:304,28,1,0
BRDA:304,29,0,0
BRDA:304,29,1,0
BRDA:304,29,2,0
BRDA:352,30,0,0
BRDA:352,30,1,0
BRF:63
BRH:0
end_of_record
TN:
SF:src/main/services/configRepository.ts
FN:14,(anonymous_0)
FN:19,(anonymous_1)
FN:23,(anonymous_2)
FN:57,(anonymous_3)
FN:60,(anonymous_4)
FN:61,(anonymous_5)
FN:63,(anonymous_6)
FN:103,(anonymous_7)
FN:105,(anonymous_8)
FN:171,(anonymous_9)
FN:175,(anonymous_10)
FN:211,(anonymous_11)
FN:250,(anonymous_12)
FN:284,(anonymous_13)
FN:323,(anonymous_14)
FNF:15
FNH:0
FNDA:0,(anonymous_0)
FNDA:0,(anonymous_1)
FNDA:0,(anonymous_2)
FNDA:0,(anonymous_3)
FNDA:0,(anonymous_4)
FNDA:0,(anonymous_5)
FNDA:0,(anonymous_6)
FNDA:0,(anonymous_7)
FNDA:0,(anonymous_8)
FNDA:0,(anonymous_9)
FNDA:0,(anonymous_10)
FNDA:0,(anonymous_11)
FNDA:0,(anonymous_12)
FNDA:0,(anonymous_13)
FNDA:0,(anonymous_14)
DA:7,0
DA:9,0
DA:11,0
DA:12,0
DA:15,0
DA:20,0
DA:23,0
DA:24,0
DA:33,0
DA:36,0
DA:41,0
DA:43,0
DA:46,0
DA:47,0
DA:50,0
DA:52,0
DA:58,0
DA:60,0
DA:61,0
DA:62,0
DA:63,0
DA:64,0
DA:65,0
DA:66,0
DA:69,0
DA:70,0
DA:71,0
DA:74,0
DA:75,0
DA:78,0
DA:84,0
DA:86,0
DA:92,0
DA:93,0
DA:96,0
DA:98,0
DA:104,0
DA:105,0
DA:107,0
DA:108,0
DA:112,0
DA:114,0
DA:117,0
DA:118,0
DA:126,0
DA:133,0
DA:134,0
DA:135,0
DA:139,0
DA:144,0
DA:150,0
DA:157,0
DA:160,0
DA:161,0
DA:164,0
DA:166,0
DA:172,0
DA:173,0
DA:175,0
DA:176,0
DA:177,0
DA:179,0
DA:184,0
DA:190,0
DA:197,0
DA:200,0
DA:201,0
DA:204,0
DA:206,0
DA:212,0
DA:213,0
DA:214,0
DA:215,0
DA:218,0
DA:219,0
DA:222,0
DA:223,0
DA:224,0
DA:227,0
DA:228,0
DA:231,0
DA:232,0
DA:235,0
DA:241,0
DA:243,0
DA:245,0
DA:251,0
DA:252,0
DA:255,0
DA:256,0
DA:258,0
DA:262,0
DA:263,0
DA:265,0
DA:266,0
DA:270,0
DA:276,0
DA:277,0
DA:279,0
DA:285,0
DA:287,0
DA:288,0
DA:291,0
DA:292,0
DA:295,0
DA:296,0
DA:299,0
DA:300,0
DA:303,0
DA:304,0
DA:308,0
DA:309,0
DA:312,0
DA:313,0
DA:317,0
DA:318,0
DA:319,0
DA:322,0
DA:323,0
DA:324,0
DA:328,0
DA:329,0
DA:330,0
DA:333,0
DA:334,0
DA:338,0
DA:339,0
DA:342,0
DA:345,0
DA:347,0
LF:130
LH:0
BRDA:46,0,0,0
BRDA:46,0,1,0
BRDA:64,1,0,0
BRDA:64,1,1,0
BRDA:69,2,0,0
BRDA:69,2,1,0
BRDA:69,3,0,0
BRDA:69,3,1,0
BRDA:92,4,0,0
BRDA:92,4,1,0
BRDA:112,5,0,0
BRDA:112,5,1,0
BRDA:134,6,0,0
BRDA:134,6,1,0
BRDA:160,7,0,0
BRDA:160,7,1,0
BRDA:200,8,0,0
BRDA:200,8,1,0
BRDA:214,9,0,0
BRDA:214,9,1,0
BRDA:218,10,0,0
BRDA:218,10,1,0
BRDA:265,11,0,0
BRDA:265,11,1,0
BRDA:287,12,0,0
BRDA:287,12,1,0
BRDA:287,13,0,0
BRDA:287,13,1,0
BRDA:291,14,0,0
BRDA:291,14,1,0
BRDA:295,15,0,0
BRDA:295,15,1,0
BRDA:295,16,0,0
BRDA:295,16,1,0
BRDA:299,17,0,0
BRDA:299,17,1,0
BRDA:299,18,0,0
BRDA:299,18,1,0
BRDA:303,19,0,0
BRDA:303,19,1,0
BRDA:303,20,0,0
BRDA:303,20,1,0
BRDA:308,21,0,0
BRDA:308,21,1,0
BRDA:308,22,0,0
BRDA:308,22,1,0
BRDA:312,23,0,0
BRDA:312,23,1,0
BRDA:312,24,0,0
BRDA:312,24,1,0
BRDA:318,25,0,0
BRDA:318,25,1,0
BRDA:322,26,0,0
BRDA:322,26,1,0
BRDA:322,27,0,0
BRDA:322,27,1,0
BRDA:323,28,0,0
BRDA:323,28,1,0
BRDA:329,29,0,0
BRDA:329,29,1,0
BRDA:333,30,0,0
BRDA:333,30,1,0
BRDA:339,31,0,0
BRDA:339,31,1,0
BRDA:339,32,0,0
BRDA:339,32,1,0
BRDA:339,32,2,0
BRF:67
BRH:0
end_of_record
TN:
SF:src/main/services/configValidator.ts
FN:13,(anonymous_9)
FN:50,(anonymous_10)
FN:106,(anonymous_11)
FN:173,(anonymous_12)
FN:192,(anonymous_13)
FN:261,(anonymous_14)
FN:371,(anonymous_15)
FN:409,(anonymous_16)
FNF:8
FNH:7
FNDA:34,(anonymous_9)
FNDA:33,(anonymous_10)
FNDA:14,(anonymous_11)
FNDA:0,(anonymous_12)
FNDA:21,(anonymous_13)
FNDA:3,(anonymous_14)
FNDA:2,(anonymous_15)
FNDA:1,(anonymous_16)
DA:4,3
DA:5,3
DA:7,3
DA:12,3
DA:15,34
DA:16,34
DA:18,34
DA:19,34
DA:24,3
DA:26,3
DA:50,3
DA:51,33
DA:52,1
DA:58,32
DA:59,32
DA:61,32
DA:62,4
DA:72,28
DA:73,28
DA:75,28
DA:76,0
DA:86,28
DA:89,28
DA:90,2
DA:100,26
DA:106,3
DA:107,14
DA:108,3
DA:114,11
DA:115,1
DA:121,10
DA:123,10
DA:124,5
DA:135,5
DA:136,5
DA:141,5
DA:142,5
DA:143,5
DA:146,5
DA:147,0
DA:157,5
DA:159,0
DA:173,3
DA:174,0
DA:175,0
DA:176,0
DA:178,0
DA:192,3
DA:197,21
DA:198,4
DA:204,17
DA:207,17
DA:208,3
DA:219,14
DA:220,2
DA:230,12
DA:231,12
DA:232,1
DA:236,11
DA:237,1
DA:248,10
DA:249,1
DA:260,9
DA:261,3
DA:262,2
DA:274,7
DA:275,3
DA:276,1
DA:286,2
DA:289,2
DA:290,0
DA:291,0
DA:301,0
DA:302,0
DA:303,0
DA:307,0
DA:308,0
DA:309,0
DA:314,2
DA:315,2
DA:316,0
DA:326,2
DA:327,2
DA:328,4
DA:329,1
DA:343,5
DA:344,4
DA:345,1
DA:355,3
DA:358,3
DA:359,4
DA:360,1
DA:370,3
DA:371,3
DA:372,1
DA:386,2
DA:403,2
DA:409,3
DA:410,1
DA:412,1
DA:413,1
DA:414,1
DA:415,1
DA:419,0
DA:423,0
DA:424,0
DA:426,0
DA:437,0
DA:440,0
LF:109
LH:87
BRDA:51,0,0,1
BRDA:51,0,1,32
BRDA:51,1,0,33
BRDA:51,1,1,32
BRDA:61,2,0,4
BRDA:61,2,1,28
BRDA:75,3,0,0
BRDA:75,3,1,28
BRDA:89,4,0,2
BRDA:89,4,1,26
BRDA:89,5,0,28
BRDA:89,5,1,27
BRDA:107,6,0,3
BRDA:107,6,1,11
BRDA:107,7,0,14
BRDA:107,7,1,11
BRDA:114,8,0,1
BRDA:114,8,1,10
BRDA:114,9,0,11
BRDA:114,9,1,10
BRDA:123,10,0,5
BRDA:123,10,1,5
BRDA:123,11,0,10
BRDA:123,11,1,6
BRDA:135,12,0,5
BRDA:135,12,1,0
BRDA:136,13,0,1
BRDA:136,13,1,4
BRDA:142,14,0,0
BRDA:142,14,1,5
BRDA:146,15,0,0
BRDA:146,15,1,5
BRDA:146,16,0,5
BRDA:146,16,1,0
BRDA:162,17,0,0
BRDA:162,17,1,0
BRDA:197,18,0,4
BRDA:197,18,1,17
BRDA:197,19,0,21
BRDA:197,19,1,20
BRDA:197,19,2,18
BRDA:207,20,0,3
BRDA:207,20,1,14
BRDA:207,21,0,17
BRDA:207,21,1,15
BRDA:219,22,0,2
BRDA:219,22,1,12
BRDA:231,23,0,1
BRDA:231,23,1,11
BRDA:236,24,0,1
BRDA:236,24,1,10
BRDA:236,25,0,11
BRDA:236,25,1,2
BRDA:248,26,0,1
BRDA:248,26,1,9
BRDA:248,27,0,10
BRDA:248,27,1,2
BRDA:260,28,0,3
BRDA:260,28,1,6
BRDA:261,29,0,2
BRDA:261,29,1,1
BRDA:261,30,0,3
BRDA:261,30,1,2
BRDA:274,31,0,3
BRDA:274,31,1,4
BRDA:275,32,0,1
BRDA:275,32,1,2
BRDA:275,33,0,3
BRDA:275,33,1,3
BRDA:275,33,2,2
BRDA:289,34,0,0
BRDA:289,34,1,2
BRDA:290,35,0,0
BRDA:290,35,1,0
BRDA:302,36,0,0
BRDA:302,36,1,0
BRDA:308,37,0,0
BRDA:308,37,1,0
BRDA:314,38,0,2
BRDA:314,38,1,0
BRDA:315,39,0,0
BRDA:315,39,1,2
BRDA:315,40,0,2
BRDA:315,40,1,2
BRDA:315,40,2,2
BRDA:328,41,0,1
BRDA:328,41,1,3
BRDA:343,42,0,4
BRDA:343,42,1,1
BRDA:344,43,0,1
BRDA:344,43,1,3
BRDA:344,44,0,4
BRDA:344,44,1,4
BRDA:344,44,2,3
BRDA:359,45,0,1
BRDA:359,45,1,3
BRDA:370,46,0,3
BRDA:370,46,1,0
BRDA:371,47,0,1
BRDA:371,47,1,2
BRDA:371,48,0,3
BRDA:371,48,1,2
BRDA:392,49,0,1
BRDA:392,49,1,1
BRDA:397,50,0,1
BRDA:397,50,1,1
BRDA:414,51,0,1
BRDA:414,51,1,0
BRDA:429,52,0,0
BRDA:429,52,1,0
BRDA:443,53,0,0
BRDA:443,53,1,0
BRF:112
BRH:90
end_of_record
TN:
SF:src/main/services/fileWatcher.ts
FN:59,(anonymous_9)
FN:67,(anonymous_10)
FN:75,(anonymous_11)
FN:136,(anonymous_12)
FN:158,(anonymous_13)
FN:185,(anonymous_14)
FN:193,(anonymous_15)
FN:212,(anonymous_16)
FN:219,(anonymous_17)
FN:254,(anonymous_18)
FN:261,(anonymous_19)
FN:265,(anonymous_20)
FN:268,(anonymous_21)
FN:271,(anonymous_22)
FN:274,(anonymous_23)
FN:281,(anonymous_24)
FN:290,(anonymous_25)
FN:298,(anonymous_26)
FN:309,(anonymous_27)
FN:367,(anonymous_28)
FN:404,(anonymous_29)
FN:434,(anonymous_30)
FNF:22
FNH:0
FNDA:0,(anonymous_9)
FNDA:0,(anonymous_10)
FNDA:0,(anonymous_11)
FNDA:0,(anonymous_12)
FNDA:0,(anonymous_13)
FNDA:0,(anonymous_14)
FNDA:0,(anonymous_15)
FNDA:0,(anonymous_16)
FNDA:0,(anonymous_17)
FNDA:0,(anonymous_18)
FNDA:0,(anonymous_19)
FNDA:0,(anonymous_20)
FNDA:0,(anonymous_21)
FNDA:0,(anonymous_22)
FNDA:0,(anonymous_23)
FNDA:0,(anonymous_24)
FNDA:0,(anonymous_25)
FNDA:0,(anonymous_26)
FNDA:0,(anonymous_27)
FNDA:0,(anonymous_28)
FNDA:0,(anonymous_29)
FNDA:0,(anonymous_30)
DA:4,1
DA:5,1
DA:7,1
DA:11,1
DA:46,1
DA:47,0
DA:49,0
DA:50,0
DA:51,0
DA:59,0
DA:60,0
DA:61,0
DA:67,0
DA:68,0
DA:76,0
DA:77,0
DA:78,0
DA:79,0
DA:80,0
DA:90,0
DA:93,0
DA:94,0
DA:101,0
DA:123,0
DA:136,0
DA:137,0
DA:140,0
DA:143,0
DA:144,0
DA:154,0
DA:155,0
DA:158,0
DA:161,0
DA:162,0
DA:163,0
DA:164,0
DA:166,0
DA:167,0
DA:171,0
DA:174,0
DA:175,0
DA:186,0
DA:187,0
DA:188,0
DA:189,0
DA:193,0
DA:194,0
DA:197,0
DA:198,0
DA:200,0
DA:202,0
DA:213,0
DA:220,0
DA:221,0
DA:227,0
DA:228,0
DA:233,0
DA:234,0
DA:235,0
DA:236,0
DA:238,0
DA:241,0
DA:243,0
DA:244,0
DA:255,0
DA:262,0
DA:264,0
DA:266,0
DA:269,0
DA:272,0
DA:275,0
DA:279,0
DA:282,0
DA:283,0
DA:292,0
DA:293,0
DA:294,0
DA:298,0
DA:299,0
DA:300,0
DA:303,0
DA:310,0
DA:311,0
DA:313,0
DA:317,0
DA:318,0
DA:320,0
DA:321,0
DA:322,0
DA:323,0
DA:325,0
DA:330,0
DA:331,0
DA:332,0
DA:333,0
DA:335,0
DA:345,0
DA:351,0
DA:352,0
DA:355,0
DA:359,0
DA:360,0
DA:368,0
DA:370,0
DA:374,0
DA:377,0
DA:381,0
DA:384,0
DA:388,0
DA:391,0
DA:392,0
DA:397,0
DA:405,0
DA:406,0
DA:412,0
DA:413,0
DA:414,0
DA:416,0
DA:417,0
DA:418,0
DA:421,0
DA:423,0
DA:424,0
DA:435,0
DA:436,0
DA:442,0
DA:443,0
DA:444,0
DA:446,0
DA:447,0
DA:448,0
DA:449,0
DA:452,0
DA:454,0
DA:455,0
LF:135
LH:5
BRDA:77,0,0,0
BRDA:77,0,1,0
BRDA:79,1,0,0
BRDA:79,1,1,0
BRDA:86,2,0,0
BRDA:87,3,0,0
BRDA:88,4,0,0
BRDA:89,5,0,0
BRDA:93,6,0,0
BRDA:93,6,1,0
BRDA:93,7,0,0
BRDA:93,7,1,0
BRDA:154,8,0,0
BRDA:154,8,1,0
BRDA:162,9,0,0
BRDA:162,9,1,0
BRDA:177,10,0,0
BRDA:177,10,1,0
BRDA:187,11,0,0
BRDA:187,11,1,0
BRDA:204,12,0,0
BRDA:204,12,1,0
BRDA:220,13,0,0
BRDA:220,13,1,0
BRDA:234,14,0,0
BRDA:234,14,1,0
BRDA:241,15,0,0
BRDA:241,15,1,0
BRDA:246,16,0,0
BRDA:246,16,1,0
BRDA:255,17,0,0
BRDA:255,17,1,0
BRDA:262,18,0,0
BRDA:262,18,1,0
BRDA:275,19,0,0
BRDA:275,19,1,0
BRDA:293,20,0,0
BRDA:293,20,1,0
BRDA:313,21,0,0
BRDA:313,21,1,0
BRDA:313,21,2,0
BRDA:318,22,0,0
BRDA:318,22,1,0
BRDA:318,23,0,0
BRDA:318,23,1,0
BRDA:321,24,0,0
BRDA:321,24,1,0
BRDA:331,25,0,0
BRDA:331,25,1,0
BRDA:331,26,0,0
BRDA:331,26,1,0
BRDA:333,27,0,0
BRDA:333,27,1,0
BRDA:360,28,0,0
BRDA:360,28,1,0
BRDA:368,29,0,0
BRDA:368,29,1,0
BRDA:368,29,2,0
BRDA:368,29,3,0
BRDA:405,30,0,0
BRDA:405,30,1,0
BRDA:416,31,0,0
BRDA:416,31,1,0
BRDA:426,32,0,0
BRDA:426,32,1,0
BRDA:435,33,0,0
BRDA:435,33,1,0
BRDA:447,34,0,0
BRDA:447,34,1,0
BRDA:457,35,0,0
BRDA:457,35,1,0
BRF:71
BRH:0
end_of_record
TN:
SF:src/main/services/index.ts
FN:4,(anonymous_0)
FN:7,(anonymous_1)
FN:15,(anonymous_2)
FN:16,(anonymous_3)
FN:17,(anonymous_4)
FN:18,(anonymous_5)
FN:19,(anonymous_6)
FNF:7
FNH:0
FNDA:0,(anonymous_0)
FNDA:0,(anonymous_1)
FNDA:0,(anonymous_2)
FNDA:0,(anonymous_3)
FNDA:0,(anonymous_4)
FNDA:0,(anonymous_5)
FNDA:0,(anonymous_6)
DA:4,0
DA:7,0
DA:14,0
DA:15,0
DA:16,0
DA:17,0
DA:18,0
DA:19,0
LF:8
LH:0
BRF:0
BRH:0
end_of_record
TN:
SF:src/main/services/projectDiscovery.ts
FN:66,(anonymous_9)
FN:74,(anonymous_10)
FN:81,(anonymous_11)
FN:91,(anonymous_12)
FN:92,(anonymous_13)
FN:105,(anonymous_14)
FN:189,(anonymous_15)
FN:210,(anonymous_16)
FN:228,(anonymous_17)
FN:253,(anonymous_18)
FN:264,(anonymous_19)
FN:269,(anonymous_20)
FN:284,(anonymous_21)
FN:401,(anonymous_22)
FN:414,(anonymous_23)
FN:422,(anonymous_24)
FN:461,(anonymous_25)
FNF:17
FNH:4
FNDA:9,(anonymous_9)
FNDA:1,(anonymous_10)
FNDA:0,(anonymous_11)
FNDA:0,(anonymous_12)
FNDA:0,(anonymous_13)
FNDA:7,(anonymous_14)
FNDA:0,(anonymous_15)
FNDA:0,(anonymous_16)
FNDA:0,(anonymous_17)
FNDA:0,(anonymous_18)
FNDA:0,(anonymous_19)
FNDA:0,(anonymous_20)
FNDA:0,(anonymous_21)
FNDA:0,(anonymous_22)
FNDA:0,(anonymous_23)
FNDA:0,(anonymous_24)
FNDA:2,(anonymous_25)
DA:4,2
DA:5,2
DA:9,2
DA:39,2
DA:63,2
DA:64,9
DA:67,9
DA:68,9
DA:75,1
DA:82,0
DA:83,0
DA:84,0
DA:92,0
DA:93,0
DA:94,0
DA:97,0
DA:106,7
DA:107,7
DA:116,7
DA:122,7
DA:125,7
DA:126,7
DA:127,7
DA:129,7
DA:137,0
DA:139,0
DA:140,0
DA:141,0
DA:142,0
DA:143,0
DA:148,0
DA:150,0
DA:153,0
DA:156,0
DA:158,0
DA:159,0
DA:160,0
DA:161,0
DA:167,0
DA:168,0
DA:169,0
DA:172,0
DA:173,0
DA:176,0
DA:177,0
DA:179,0
DA:194,0
DA:196,0
DA:197,0
DA:198,0
DA:200,0
DA:217,0
DA:218,0
DA:221,0
DA:222,0
DA:224,0
DA:225,0
DA:228,0
DA:229,0
DA:232,0
DA:233,0
DA:234,0
DA:235,0
DA:254,0
DA:255,0
DA:256,0
DA:258,0
DA:268,0
DA:269,0
DA:270,0
DA:272,0
DA:274,0
DA:285,0
DA:286,0
DA:289,0
DA:290,0
DA:291,0
DA:292,0
DA:297,0
DA:300,0
DA:301,0
DA:304,0
DA:305,0
DA:306,0
DA:307,0
DA:312,0
DA:315,0
DA:317,0
DA:319,0
DA:320,0
DA:322,0
DA:328,0
DA:329,0
DA:332,0
DA:338,0
DA:343,0
DA:344,0
DA:352,0
DA:354,0
DA:363,0
DA:365,0
DA:366,0
DA:369,0
DA:375,0
DA:380,0
DA:381,0
DA:389,0
DA:390,0
DA:402,0
DA:403,0
DA:404,0
DA:408,0
DA:415,0
DA:417,0
DA:418,0
DA:419,0
DA:422,0
DA:424,0
DA:425,0
DA:427,0
DA:429,0
DA:431,0
DA:441,0
DA:449,0
DA:451,0
DA:462,2
DA:463,2
DA:466,2
DA:467,2
DA:469,2
DA:473,0
DA:474,0
DA:475,0
DA:478,0
DA:479,0
DA:480,0
DA:483,0
DA:484,0
DA:485,0
DA:488,0
DA:490,0
DA:496,0
DA:497,0
DA:500,0
DA:503,0
DA:512,0
DA:514,0
DA:516,0
DA:522,0
DA:525,0
DA:528,0
LF:151
LH:22
BRDA:83,0,0,0
BRDA:83,0,1,0
BRDA:119,1,0,5
BRDA:120,2,0,7
BRDA:121,3,0,7
BRDA:141,4,0,0
BRDA:141,4,1,0
BRDA:160,5,0,0
BRDA:160,5,1,0
BRDA:168,6,0,0
BRDA:168,6,1,0
BRDA:181,7,0,0
BRDA:181,7,1,0
BRDA:202,8,0,0
BRDA:202,8,1,0
BRDA:217,9,0,0
BRDA:217,9,1,0
BRDA:228,10,0,0
BRDA:228,10,1,0
BRDA:232,11,0,0
BRDA:232,11,1,0
BRDA:232,12,0,0
BRDA:232,12,1,0
BRDA:234,13,0,0
BRDA:234,13,1,0
BRDA:276,14,0,0
BRDA:276,14,1,0
BRDA:290,15,0,0
BRDA:290,15,1,0
BRDA:305,16,0,0
BRDA:305,16,1,0
BRDA:317,17,0,0
BRDA:317,17,1,0
BRDA:328,18,0,0
BRDA:328,18,1,0
BRDA:365,19,0,0
BRDA:365,19,1,0
BRDA:393,20,0,0
BRDA:393,20,1,0
BRDA:403,21,0,0
BRDA:403,21,1,0
BRDA:418,22,0,0
BRDA:418,22,1,0
BRDA:425,23,0,0
BRDA:425,23,1,0
BRDA:429,24,0,0
BRDA:429,24,1,0
BRDA:453,25,0,0
BRDA:453,25,1,0
BRDA:474,26,0,0
BRDA:474,26,1,0
BRDA:484,27,0,0
BRDA:484,27,1,0
BRDA:488,28,0,0
BRDA:488,28,1,0
BRDA:496,29,0,0
BRDA:496,29,1,0
BRDA:514,30,0,0
BRDA:514,30,1,0
BRDA:530,31,0,0
BRDA:530,31,1,0
BRF:61
BRH:3
end_of_record
TN:
SF:src/renderer/App.tsx
FN:67,App
FN:71,(anonymous_2)
FN:82,(anonymous_3)
FN:86,(anonymous_4)
FNF:4
FNH:0
FNDA:0,App
FNDA:0,(anonymous_2)
FNDA:0,(anonymous_3)
FNDA:0,(anonymous_4)
DA:1,0
DA:5,0
DA:6,0
DA:7,0
DA:9,0
DA:68,0
DA:69,0
DA:71,0
DA:72,0
DA:73,0
DA:74,0
DA:75,0
DA:77,0
DA:82,0
DA:83,0
DA:86,0
DA:87,0
DA:90,0
DA:117,0
LF:19
LH:0
BRDA:73,0,0,0
BRDA:73,0,1,0
BRDA:75,1,0,0
BRDA:75,1,1,0
BRDA:77,2,0,0
BRDA:77,2,1,0
BRDA:77,2,2,0
BRF:7
BRH:0
end_of_record
TN:
SF:src/renderer/index.tsx
FNF:0
FNH:0
DA:1,0
DA:2,0
DA:4,0
DA:5,0
DA:7,0
DA:11,0
LF:6
LH:0
BRF:0
BRH:0
end_of_record
TN:
SF:src/renderer/components/Header.tsx
FN:10,(anonymous_0)
FN:27,(anonymous_1)
FNF:2
FNH:0
FNDA:0,(anonymous_0)
FNDA:0,(anonymous_1)
DA:2,0
DA:10,0
DA:11,0
DA:27,0
DA:34,0
LF:5
LH:0
BRDA:16,0,0,0
BRDA:16,0,1,0
BRF:2
BRH:0
end_of_record
TN:
SF:src/renderer/components/ProjectItem.tsx
FN:10,(anonymous_0)
FN:25,(anonymous_1)
FN:39,(anonymous_2)
FN:63,(anonymous_3)
FNF:4
FNH:0
FNDA:0,(anonymous_0)
FNDA:0,(anonymous_1)
FNDA:0,(anonymous_2)
FNDA:0,(anonymous_3)
DA:4,0
DA:10,0
DA:11,0
DA:12,0
DA:14,0
DA:16,0
DA:17,0
DA:19,0
DA:20,0
DA:22,0
DA:25,0
DA:26,0
DA:27,0
DA:29,0
DA:30,0
DA:31,0
DA:32,0
DA:34,0
DA:35,0
DA:36,0
DA:39,0
DA:40,0
DA:41,0
DA:43,0
DA:64,0
DA:83,0
LF:26
LH:0
BRDA:14,0,0,0
BRDA:14,0,1,0
BRDA:19,1,0,0
BRDA:19,1,1,0
BRDA:29,2,0,0
BRDA:29,2,1,0
BRDA:30,3,0,0
BRDA:30,3,1,0
BRDA:31,4,0,0
BRDA:31,4,1,0
BRDA:32,5,0,0
BRDA:32,5,1,0
BRDA:34,6,0,0
BRDA:34,6,1,0
BRDA:35,7,0,0
BRDA:35,7,1,0
BRDA:47,8,0,0
BRDA:47,8,1,0
BRDA:49,9,0,0
BRDA:49,9,1,0
BRDA:49,9,2,0
BRDA:54,10,0,0
BRDA:54,10,1,0
BRDA:61,11,0,0
BRDA:61,11,1,0
BRDA:61,11,2,0
BRDA:69,12,0,0
BRDA:69,12,1,0
BRF:28
BRH:0
end_of_record
TN:
SF:src/renderer/components/ProjectList.tsx
FN:13,(anonymous_1)
FN:20,(anonymous_2)
FN:31,(anonymous_3)
FNF:3
FNH:0
FNDA:0,(anonymous_1)
FNDA:0,(anonymous_2)
FNDA:0,(anonymous_3)
DA:5,0
DA:6,0
DA:13,0
DA:14,0
DA:21,0
DA:32,0
DA:48,0
LF:7
LH:0
BRDA:16,0,0,0
BRDA:16,0,1,0
BRDA:27,1,0,0
BRDA:27,1,1,0
BRDA:38,2,0,0
BRDA:38,2,1,0
BRDA:38,2,2,0
BRF:7
BRH:0
end_of_record
TN:
SF:src/shared/types.ts
FN:243,(anonymous_0)
FN:250,(anonymous_1)
FN:257,(anonymous_2)
FN:264,(anonymous_3)
FNF:4
FNH:1
FNDA:53,(anonymous_0)
FNDA:0,(anonymous_1)
FNDA:0,(anonymous_2)
FNDA:0,(anonymous_3)
DA:242,2
DA:243,53
DA:244,53
DA:245,53
DA:249,2
DA:251,0
DA:252,0
DA:256,2
DA:258,0
DA:259,0
DA:263,2
DA:264,0
DA:265,0
DA:266,0
LF:14
LH:7
BRF:0
BRH:0
end_of_record
TN:
SF:src/shared/fixtures/projects/sample-projects.ts
FN:119,(anonymous_0)
FN:138,parseDurationToMs
FN:224,(anonymous_2)
FN:225,(anonymous_3)
FN:226,(anonymous_4)
FN:229,(anonymous_5)
FN:230,(anonymous_6)
FN:230,(anonymous_7)
FN:233,(anonymous_8)
FN:233,(anonymous_9)
FN:241,(anonymous_10)
FN:242,(anonymous_11)
FN:243,(anonymous_12)
FN:244,(anonymous_13)
FN:245,(anonymous_14)
FN:245,(anonymous_15)
FN:246,(anonymous_16)
FN:246,(anonymous_17)
FNF:18
FNH:10
FNDA:5,(anonymous_0)
FNDA:5,parseDurationToMs
FNDA:5,(anonymous_2)
FNDA:5,(anonymous_3)
FNDA:5,(anonymous_4)
FNDA:5,(anonymous_5)
FNDA:0,(anonymous_6)
FNDA:0,(anonymous_7)
FNDA:0,(anonymous_8)
FNDA:0,(anonymous_9)
FNDA:4,(anonymous_10)
FNDA:4,(anonymous_11)
FNDA:4,(anonymous_12)
FNDA:4,(anonymous_13)
FNDA:0,(anonymous_14)
FNDA:0,(anonymous_15)
FNDA:0,(anonymous_16)
FNDA:0,(anonymous_17)
DA:8,1
DA:119,1
DA:123,5
DA:124,5
DA:126,5
DA:139,5
DA:140,5
DA:142,5
DA:143,5
DA:145,5
DA:148,3
DA:151,2
DA:154,0
DA:156,0
DA:161,1
DA:183,1
DA:223,1
DA:224,5
DA:225,5
DA:227,5
DA:229,5
DA:230,0
DA:231,0
DA:233,0
DA:234,0
DA:235,0
DA:240,1
DA:241,4
DA:242,4
DA:243,4
DA:244,4
DA:245,0
DA:246,0
DA:247,0
DA:248,0
LF:35
LH:24
BRDA:121,0,0,1
BRDA:140,1,0,0
BRDA:140,1,1,5
BRDA:145,2,0,3
BRDA:145,2,1,3
BRDA:145,2,2,2
BRDA:145,2,3,2
BRDA:145,2,4,0
BRDA:145,2,5,0
BRDA:145,2,6,0
BRDA:231,3,0,0
BRDA:231,3,1,0
BRF:12
BRH:6
end_of_record
TN:
SF:src/shared/mocks/database.ts
FN:17,(anonymous_0)
FN:21,(anonymous_1)
FN:24,(anonymous_2)
FN:34,(anonymous_3)
FN:39,(anonymous_4)
FN:40,(anonymous_5)
FN:44,(anonymous_6)
FN:45,(anonymous_7)
FN:49,(anonymous_8)
FN:50,(anonymous_9)
FN:56,(anonymous_10)
FN:67,(anonymous_11)
FN:76,(anonymous_12)
FN:82,(anonymous_13)
FN:86,(anonymous_14)
FN:91,(anonymous_15)
FN:94,(anonymous_16)
FN:104,(anonymous_17)
FN:109,(anonymous_18)
FN:110,(anonymous_19)
FN:114,(anonymous_20)
FN:115,(anonymous_21)
FN:119,(anonymous_22)
FN:130,(anonymous_23)
FN:134,(anonymous_24)
FN:148,(anonymous_25)
FN:152,(anonymous_26)
FN:161,(anonymous_27)
FN:166,(anonymous_28)
FN:171,(anonymous_29)
FN:176,(anonymous_30)
FN:192,(anonymous_31)
FN:200,(anonymous_32)
FN:209,(anonymous_33)
FN:224,(anonymous_34)
FN:234,(anonymous_35)
FN:236,(anonymous_36)
FN:260,(anonymous_37)
FNF:38
FNH:6
FNDA:1,(anonymous_0)
FNDA:1,(anonymous_1)
FNDA:1,(anonymous_2)
FNDA:0,(anonymous_3)
FNDA:0,(anonymous_4)
FNDA:0,(anonymous_5)
FNDA:0,(anonymous_6)
FNDA:0,(anonymous_7)
FNDA:0,(anonymous_8)
FNDA:0,(anonymous_9)
FNDA:0,(anonymous_10)
FNDA:0,(anonymous_11)
FNDA:0,(anonymous_12)
FNDA:0,(anonymous_13)
FNDA:0,(anonymous_14)
FNDA:1,(anonymous_15)
FNDA:0,(anonymous_16)
FNDA:0,(anonymous_17)
FNDA:0,(anonymous_18)
FNDA:0,(anonymous_19)
FNDA:0,(anonymous_20)
FNDA:0,(anonymous_21)
FNDA:0,(anonymous_22)
FNDA:0,(anonymous_23)
FNDA:0,(anonymous_24)
FNDA:0,(anonymous_25)
FNDA:0,(anonymous_26)
FNDA:1,(anonymous_27)
FNDA:0,(anonymous_28)
FNDA:0,(anonymous_29)
FNDA:0,(anonymous_30)
FNDA:0,(anonymous_31)
FNDA:0,(anonymous_32)
FNDA:1,(anonymous_33)
FNDA:0,(anonymous_34)
FNDA:0,(anonymous_35)
FNDA:0,(anonymous_36)
FNDA:0,(anonymous_37)
DA:15,1
DA:17,1
DA:18,1
DA:21,1
DA:22,1
DA:25,1
DA:26,0
DA:29,1
DA:30,1
DA:31,1
DA:35,0
DA:36,0
DA:40,0
DA:41,0
DA:45,0
DA:46,0
DA:50,0
DA:51,0
DA:53,0
DA:57,0
DA:58,0
DA:59,0
DA:62,0
DA:63,0
DA:64,0
DA:68,0
DA:69,0
DA:72,0
DA:73,0
DA:77,0
DA:78,0
DA:83,0
DA:87,0
DA:91,1
DA:92,1
DA:95,0
DA:96,0
DA:99,0
DA:100,0
DA:101,0
DA:105,0
DA:106,0
DA:110,0
DA:111,0
DA:115,0
DA:116,0
DA:120,0
DA:121,0
DA:122,0
DA:125,0
DA:126,0
DA:127,0
DA:131,0
DA:134,0
DA:136,0
DA:137,0
DA:140,0
DA:141,0
DA:144,0
DA:149,0
DA:153,0
DA:157,1
DA:162,1
DA:163,1
DA:172,0
DA:173,0
DA:177,0
DA:178,0
DA:179,0
DA:183,0
DA:184,0
DA:185,0
DA:192,1
DA:196,0
DA:198,0
DA:200,0
DA:201,0
DA:205,0
DA:209,1
DA:224,1
DA:233,1
DA:234,0
DA:237,0
DA:238,0
DA:256,0
DA:257,0
DA:261,0
DA:262,0
DA:263,0
DA:264,0
DA:270,0
DA:271,0
LF:92
LH:18
BRDA:25,0,0,0
BRDA:25,0,1,1
BRDA:29,1,0,1
BRDA:29,1,1,0
BRDA:35,2,0,0
BRDA:35,2,1,0
BRDA:40,3,0,0
BRDA:40,3,1,0
BRDA:51,4,0,0
BRDA:51,4,1,0
BRDA:58,5,0,0
BRDA:58,5,1,0
BRDA:68,6,0,0
BRDA:68,6,1,0
BRDA:95,7,0,0
BRDA:95,7,1,0
BRDA:99,8,0,0
BRDA:99,8,1,0
BRDA:105,9,0,0
BRDA:105,9,1,0
BRDA:121,10,0,0
BRDA:121,10,1,0
BRDA:136,11,0,0
BRDA:136,11,1,0
BRDA:140,12,0,0
BRDA:140,12,1,0
BRDA:177,13,0,0
BRDA:177,13,1,0
BRDA:183,14,0,0
BRDA:183,14,1,0
BRDA:198,15,0,0
BRDA:198,15,1,0
BRDA:209,16,0,0
BRDA:224,17,0,0
BRF:34
BRH:2
end_of_record
TN:
SF:src/shared/mocks/executor.ts
FN:26,(anonymous_0)
FN:38,(anonymous_1)
FN:66,(anonymous_2)
FN:92,(anonymous_3)
FN:93,(anonymous_4)
FN:98,(anonymous_5)
FN:102,(anonymous_6)
FN:117,(anonymous_7)
FN:122,(anonymous_8)
FN:135,(anonymous_9)
FN:159,(anonymous_10)
FN:162,(anonymous_11)
FN:163,(anonymous_12)
FN:171,(anonymous_13)
FN:181,(anonymous_14)
FN:192,(anonymous_15)
FN:196,(anonymous_16)
FN:197,(anonymous_17)
FN:200,(anonymous_18)
FN:205,(anonymous_19)
FN:215,(anonymous_20)
FN:217,(anonymous_21)
FN:223,(anonymous_22)
FN:236,(anonymous_23)
FN:247,(anonymous_24)
FN:251,(anonymous_25)
FN:261,(anonymous_26)
FN:271,(anonymous_27)
FN:284,(anonymous_28)
FN:290,(anonymous_29)
FN:296,(anonymous_30)
FN:305,(anonymous_31)
FN:308,(anonymous_32)
FN:316,(anonymous_33)
FN:328,(anonymous_34)
FN:337,(anonymous_35)
FN:344,(anonymous_36)
FNF:37
FNH:11
FNDA:1,(anonymous_0)
FNDA:1,(anonymous_1)
FNDA:0,(anonymous_2)
FNDA:0,(anonymous_3)
FNDA:0,(anonymous_4)
FNDA:1,(anonymous_5)
FNDA:1,(anonymous_6)
FNDA:0,(anonymous_7)
FNDA:0,(anonymous_8)
FNDA:1,(anonymous_9)
FNDA:1,(anonymous_10)
FNDA:3,(anonymous_11)
FNDA:0,(anonymous_12)
FNDA:1,(anonymous_13)
FNDA:0,(anonymous_14)
FNDA:0,(anonymous_15)
FNDA:0,(anonymous_16)
FNDA:0,(anonymous_17)
FNDA:0,(anonymous_18)
FNDA:1,(anonymous_19)
FNDA:1,(anonymous_20)
FNDA:1,(anonymous_21)
FNDA:0,(anonymous_22)
FNDA:0,(anonymous_23)
FNDA:0,(anonymous_24)
FNDA:0,(anonymous_25)
FNDA:0,(anonymous_26)
FNDA:0,(anonymous_27)
FNDA:0,(anonymous_28)
FNDA:0,(anonymous_29)
FNDA:0,(anonymous_30)
FNDA:0,(anonymous_31)
FNDA:0,(anonymous_32)
FNDA:0,(anonymous_33)
FNDA:0,(anonymous_34)
FNDA:0,(anonymous_35)
FNDA:0,(anonymous_36)
DA:5,1
DA:8,1
DA:16,1
DA:17,1
DA:27,1
DA:28,1
DA:40,1
DA:41,0
DA:45,1
DA:52,1
DA:57,1
DA:60,1
DA:62,1
DA:63,1
DA:67,0
DA:68,0
DA:69,0
DA:73,0
DA:74,0
DA:78,0
DA:86,0
DA:87,0
DA:89,0
DA:93,0
DA:94,0
DA:99,1
DA:103,1
DA:104,1
DA:107,1
DA:111,1
DA:112,1
DA:114,1
DA:116,0
DA:117,0
DA:118,0
DA:122,1
DA:123,0
DA:124,0
DA:126,0
DA:132,1
DA:141,1
DA:142,1
DA:144,1
DA:145,1
DA:155,1
DA:156,1
DA:160,1
DA:162,1
DA:163,3
DA:164,0
DA:165,0
DA:172,1
DA:178,1
DA:182,0
DA:188,0
DA:193,0
DA:197,0
DA:201,0
DA:206,1
DA:207,0
DA:210,1
DA:211,1
DA:216,1
DA:217,1
DA:218,1
DA:225,0
DA:226,0
DA:227,0
DA:229,0
DA:232,0
DA:237,0
DA:238,0
DA:239,0
DA:242,0
DA:247,1
DA:248,0
DA:251,1
DA:252,0
DA:261,1
DA:262,0
DA:271,1
DA:272,0
DA:282,1
DA:285,0
DA:286,0
DA:291,0
DA:292,0
DA:297,0
DA:298,0
DA:299,0
DA:301,0
DA:306,0
DA:307,0
DA:308,0
DA:309,0
DA:312,0
DA:317,0
DA:318,0
DA:320,0
DA:321,0
DA:324,0
DA:329,0
DA:333,0
DA:339,0
DA:340,0
DA:344,0
DA:345,0
LF:107
LH:44
BRDA:26,0,0,1
BRDA:40,1,0,0
BRDA:40,1,1,1
BRDA:68,2,0,0
BRDA:68,2,1,0
BRDA:73,3,0,0
BRDA:73,3,1,0
BRDA:104,4,0,0
BRDA:104,4,1,1
BRDA:112,5,0,1
BRDA:112,5,1,1
BRDA:114,6,0,0
BRDA:114,6,1,1
BRDA:123,7,0,0
BRDA:123,7,1,0
BRDA:142,8,0,0
BRDA:142,8,1,1
BRDA:151,9,0,1
BRDA:151,9,1,0
BRDA:152,10,0,0
BRDA:152,10,1,1
BRDA:164,11,0,0
BRDA:164,11,1,0
BRDA:206,12,0,0
BRDA:206,12,1,1
BRDA:215,13,0,0
BRDA:215,14,0,0
BRDA:226,15,0,0
BRDA:226,15,1,0
BRDA:232,16,0,0
BRDA:232,16,1,0
BRDA:238,17,0,0
BRDA:238,17,1,0
BRDA:305,18,0,0
BRDA:307,19,0,0
BRDA:307,19,1,0
BRF:36
BRH:10
end_of_record
TN:
SF:src/shared/mocks/notifier.ts
FN:27,(anonymous_0)
FN:38,(anonymous_1)
FN:46,(anonymous_2)
FN:76,(anonymous_3)
FN:88,(anonymous_4)
FN:93,(anonymous_5)
FN:109,(anonymous_6)
FN:114,(anonymous_7)
FN:118,(anonymous_8)
FN:119,(anonymous_9)
FN:122,(anonymous_10)
FN:123,(anonymous_11)
FN:126,(anonymous_12)
FN:127,(anonymous_13)
FN:130,(anonymous_14)
FN:134,(anonymous_15)
FN:140,(anonymous_16)
FN:144,(anonymous_17)
FN:148,(anonymous_18)
FN:153,(anonymous_19)
FN:167,(anonymous_20)
FN:177,(anonymous_21)
FN:181,(anonymous_22)
FN:190,(anonymous_23)
FN:199,(anonymous_24)
FN:209,(anonymous_25)
FN:221,(anonymous_26)
FN:233,(anonymous_27)
FN:245,(anonymous_28)
FN:260,(anonymous_29)
FN:265,(anonymous_30)
FN:270,(anonymous_31)
FN:275,(anonymous_32)
FN:278,(anonymous_33)
FN:287,(anonymous_34)
FN:288,(anonymous_35)
FN:300,(anonymous_36)
FN:312,(anonymous_37)
FN:316,(anonymous_38)
FN:319,(anonymous_39)
FN:324,(anonymous_40)
FNF:41
FNH:7
FNDA:1,(anonymous_0)
FNDA:1,(anonymous_1)
FNDA:1,(anonymous_2)
FNDA:0,(anonymous_3)
FNDA:0,(anonymous_4)
FNDA:1,(anonymous_5)
FNDA:1,(anonymous_6)
FNDA:1,(anonymous_7)
FNDA:0,(anonymous_8)
FNDA:0,(anonymous_9)
FNDA:0,(anonymous_10)
FNDA:0,(anonymous_11)
FNDA:0,(anonymous_12)
FNDA:0,(anonymous_13)
FNDA:0,(anonymous_14)
FNDA:0,(anonymous_15)
FNDA:0,(anonymous_16)
FNDA:0,(anonymous_17)
FNDA:0,(anonymous_18)
FNDA:0,(anonymous_19)
FNDA:0,(anonymous_20)
FNDA:0,(anonymous_21)
FNDA:0,(anonymous_22)
FNDA:0,(anonymous_23)
FNDA:0,(anonymous_24)
FNDA:1,(anonymous_25)
FNDA:0,(anonymous_26)
FNDA:0,(anonymous_27)
FNDA:0,(anonymous_28)
FNDA:0,(anonymous_29)
FNDA:0,(anonymous_30)
FNDA:0,(anonymous_31)
FNDA:0,(anonymous_32)
FNDA:0,(anonymous_33)
FNDA:0,(anonymous_34)
FNDA:0,(anonymous_35)
FNDA:0,(anonymous_36)
FNDA:0,(anonymous_37)
FNDA:0,(anonymous_38)
FNDA:0,(anonymous_39)
FNDA:0,(anonymous_40)
DA:5,1
DA:8,1
DA:17,1
DA:18,1
DA:19,1
DA:28,1
DA:29,1
DA:40,1
DA:41,1
DA:42,0
DA:46,1
DA:49,1
DA:51,1
DA:52,0
DA:54,0
DA:55,0
DA:63,0
DA:67,1
DA:68,1
DA:76,1
DA:77,0
DA:78,0
DA:80,0
DA:84,1
DA:85,1
DA:89,0
DA:94,1
DA:95,0
DA:98,1
DA:99,0
DA:102,1
DA:103,0
DA:106,1
DA:110,1
DA:115,1
DA:119,0
DA:123,0
DA:127,0
DA:131,0
DA:135,0
DA:136,0
DA:137,0
DA:141,0
DA:145,0
DA:149,0
DA:157,0
DA:158,0
DA:160,0
DA:162,0
DA:163,0
DA:168,0
DA:169,0
DA:170,0
DA:172,0
DA:177,1
DA:178,0
DA:181,1
DA:182,0
DA:190,1
DA:191,0
DA:199,1
DA:200,0
DA:209,1
DA:213,1
DA:221,1
DA:225,0
DA:233,1
DA:237,0
DA:245,1
DA:249,0
DA:258,1
DA:261,0
DA:266,0
DA:271,0
DA:276,0
DA:278,0
DA:279,0
DA:282,0
DA:283,0
DA:288,0
DA:289,0
DA:292,0
DA:293,0
DA:294,0
DA:296,0
DA:301,0
DA:308,0
DA:313,0
DA:315,0
DA:316,0
DA:318,0
DA:319,0
DA:321,0
DA:324,0
DA:325,0
DA:326,0
DA:327,0
DA:329,0
LF:98
LH:33
BRDA:27,0,0,1
BRDA:41,1,0,0
BRDA:41,1,1,1
BRDA:51,2,0,0
BRDA:51,2,1,1
BRDA:54,3,0,0
BRDA:54,3,1,0
BRDA:67,4,0,1
BRDA:67,4,1,0
BRDA:94,5,0,0
BRDA:94,5,1,1
BRDA:94,6,0,1
BRDA:94,6,1,1
BRDA:98,7,0,0
BRDA:98,7,1,1
BRDA:98,8,0,1
BRDA:98,8,1,1
BRDA:102,9,0,0
BRDA:102,9,1,1
BRDA:102,10,0,1
BRDA:102,10,1,1
BRDA:135,11,0,0
BRDA:135,11,1,0
BRDA:158,12,0,0
BRDA:158,12,1,0
BRDA:212,13,0,1
BRDA:224,14,0,0
BRDA:236,15,0,0
BRDA:248,16,0,0
BRF:29
BRH:14
end_of_record
TN:
SF:src/shared/mocks/scheduler.ts
FN:25,(anonymous_0)
FN:35,(anonymous_1)
FN:51,(anonymous_2)
FN:69,(anonymous_3)
FN:104,(anonymous_4)
FN:119,(anonymous_5)
FN:142,(anonymous_6)
FN:143,(anonymous_7)
FN:148,(anonymous_8)
FN:152,(anonymous_9)
FN:157,(anonymous_10)
FN:166,(anonymous_11)
FN:174,(anonymous_12)
FN:184,(anonymous_13)
FN:188,(anonymous_14)
FN:192,(anonymous_15)
FN:193,(anonymous_16)
FN:196,(anonymous_17)
FN:200,(anonymous_18)
FN:206,(anonymous_19)
FN:221,(anonymous_20)
FN:223,(anonymous_21)
FN:229,(anonymous_22)
FN:243,(anonymous_23)
FN:254,(anonymous_24)
FN:258,(anonymous_25)
FN:266,(anonymous_26)
FN:274,(anonymous_27)
FN:285,(anonymous_28)
FN:291,(anonymous_29)
FN:301,(anonymous_30)
FN:305,(anonymous_31)
FN:311,(anonymous_32)
FN:315,(anonymous_33)
FN:321,(anonymous_34)
FN:329,(anonymous_35)
FN:335,(anonymous_36)
FNF:37
FNH:7
FNDA:1,(anonymous_0)
FNDA:1,(anonymous_1)
FNDA:1,(anonymous_2)
FNDA:1,(anonymous_3)
FNDA:0,(anonymous_4)
FNDA:0,(anonymous_5)
FNDA:1,(anonymous_6)
FNDA:1,(anonymous_7)
FNDA:1,(anonymous_8)
FNDA:0,(anonymous_9)
FNDA:0,(anonymous_10)
FNDA:0,(anonymous_11)
FNDA:0,(anonymous_12)
FNDA:0,(anonymous_13)
FNDA:0,(anonymous_14)
FNDA:0,(anonymous_15)
FNDA:0,(anonymous_16)
FNDA:0,(anonymous_17)
FNDA:0,(anonymous_18)
FNDA:0,(anonymous_19)
FNDA:0,(anonymous_20)
FNDA:0,(anonymous_21)
FNDA:0,(anonymous_22)
FNDA:0,(anonymous_23)
FNDA:0,(anonymous_24)
FNDA:0,(anonymous_25)
FNDA:0,(anonymous_26)
FNDA:0,(anonymous_27)
FNDA:0,(anonymous_28)
FNDA:0,(anonymous_29)
FNDA:0,(anonymous_30)
FNDA:0,(anonymous_31)
FNDA:0,(anonymous_32)
FNDA:0,(anonymous_33)
FNDA:0,(anonymous_34)
FNDA:0,(anonymous_35)
FNDA:0,(anonymous_36)
DA:5,1
DA:8,1
DA:16,1
DA:17,1
DA:18,1
DA:26,1
DA:27,1
DA:36,1
DA:37,0
DA:40,1
DA:41,1
DA:44,1
DA:45,0
DA:48,1
DA:52,1
DA:53,0
DA:56,1
DA:59,1
DA:60,1
DA:61,1
DA:65,1
DA:66,1
DA:70,1
DA:71,0
DA:75,1
DA:76,0
DA:80,1
DA:81,0
DA:85,1
DA:86,0
DA:89,1
DA:94,1
DA:96,1
DA:97,1
DA:100,1
DA:101,1
DA:105,0
DA:106,0
DA:107,0
DA:110,0
DA:111,0
DA:114,0
DA:115,0
DA:116,0
DA:120,0
DA:121,0
DA:122,0
DA:126,0
DA:127,0
DA:131,0
DA:132,0
DA:134,0
DA:135,0
DA:138,0
DA:139,0
DA:143,1
DA:144,1
DA:149,1
DA:150,1
DA:152,1
DA:153,0
DA:158,0
DA:159,0
DA:160,0
DA:163,0
DA:166,0
DA:167,0
DA:174,0
DA:175,0
DA:185,0
DA:189,0
DA:193,0
DA:197,0
DA:201,0
DA:202,0
DA:207,0
DA:208,0
DA:209,0
DA:212,0
DA:213,0
DA:216,0
DA:217,0
DA:222,0
DA:223,0
DA:224,0
DA:230,0
DA:233,0
DA:234,0
DA:235,0
DA:239,0
DA:244,0
DA:245,0
DA:246,0
DA:249,0
DA:254,1
DA:255,0
DA:258,1
DA:259,0
DA:266,1
DA:267,0
DA:274,1
DA:275,0
DA:283,1
DA:286,0
DA:287,0
DA:292,0
DA:293,0
DA:294,0
DA:295,0
DA:297,0
DA:302,0
DA:303,0
DA:305,0
DA:306,0
DA:312,0
DA:313,0
DA:315,0
DA:316,0
DA:322,0
DA:324,0
DA:325,0
DA:329,0
DA:330,0
DA:336,0
DA:337,0
DA:339,0
DA:340,0
DA:341,0
DA:344,0
LF:129
LH:39
BRDA:25,0,0,1
BRDA:36,1,0,0
BRDA:36,1,1,1
BRDA:52,2,0,0
BRDA:52,2,1,1
BRDA:60,3,0,1
BRDA:60,3,1,0
BRDA:70,4,0,0
BRDA:70,4,1,1
BRDA:75,5,0,0
BRDA:75,5,1,1
BRDA:80,6,0,0
BRDA:80,6,1,1
BRDA:85,7,0,0
BRDA:85,7,1,1
BRDA:96,8,0,1
BRDA:96,8,1,0
BRDA:106,9,0,0
BRDA:106,9,1,0
BRDA:110,10,0,0
BRDA:110,10,1,0
BRDA:121,11,0,0
BRDA:121,11,1,0
BRDA:126,12,0,0
BRDA:126,12,1,0
BRDA:134,13,0,0
BRDA:134,13,1,0
BRDA:159,14,0,0
BRDA:159,14,1,0
BRDA:202,15,0,0
BRDA:202,15,1,0
BRDA:208,16,0,0
BRDA:208,16,1,0
BRDA:212,17,0,0
BRDA:212,17,1,0
BRDA:234,18,0,0
BRDA:234,18,1,0
BRDA:239,19,0,0
BRDA:239,19,1,0
BRDA:245,20,0,0
BRDA:245,20,1,0
BRDA:301,21,0,0
BRF:42
BRH:9
end_of_record
TN:
SF:src/shared/mocks/watcher.ts
FN:10,(anonymous_0)
FN:16,(anonymous_1)
FN:32,(anonymous_2)
FN:44,(anonymous_3)
FN:48,(anonymous_4)
FN:53,(anonymous_5)
FN:57,(anonymous_6)
FN:62,(anonymous_7)
FN:73,(anonymous_8)
FN:84,(anonymous_9)
FN:92,(anonymous_10)
FN:100,(anonymous_11)
FN:109,(anonymous_12)
FN:113,(anonymous_13)
FN:128,(anonymous_14)
FN:139,(anonymous_15)
FN:152,(anonymous_16)
FN:159,(anonymous_17)
FN:165,(anonymous_18)
FN:174,(anonymous_19)
FN:175,(anonymous_20)
FN:176,(anonymous_21)
FN:186,(anonymous_22)
FN:190,(anonymous_23)
FN:198,(anonymous_24)
FN:206,(anonymous_25)
FN:217,(anonymous_26)
FN:218,(anonymous_27)
FN:222,(anonymous_28)
FN:223,(anonymous_29)
FN:224,(anonymous_30)
FN:229,(anonymous_31)
FN:230,(anonymous_32)
FN:231,(anonymous_33)
FN:235,(anonymous_34)
FN:236,(anonymous_35)
FN:240,(anonymous_36)
FN:245,(anonymous_37)
FN:248,(anonymous_38)
FNF:39
FNH:0
FNDA:0,(anonymous_0)
FNDA:0,(anonymous_1)
FNDA:0,(anonymous_2)
FNDA:0,(anonymous_3)
FNDA:0,(anonymous_4)
FNDA:0,(anonymous_5)
FNDA:0,(anonymous_6)
FNDA:0,(anonymous_7)
FNDA:0,(anonymous_8)
FNDA:0,(anonymous_9)
FNDA:0,(anonymous_10)
FNDA:0,(anonymous_11)
FNDA:0,(anonymous_12)
FNDA:0,(anonymous_13)
FNDA:0,(anonymous_14)
FNDA:0,(anonymous_15)
FNDA:0,(anonymous_16)
FNDA:0,(anonymous_17)
FNDA:0,(anonymous_18)
FNDA:0,(anonymous_19)
FNDA:0,(anonymous_20)
FNDA:0,(anonymous_21)
FNDA:0,(anonymous_22)
FNDA:0,(anonymous_23)
FNDA:0,(anonymous_24)
FNDA:0,(anonymous_25)
FNDA:0,(anonymous_26)
FNDA:0,(anonymous_27)
FNDA:0,(anonymous_28)
FNDA:0,(anonymous_29)
FNDA:0,(anonymous_30)
FNDA:0,(anonymous_31)
FNDA:0,(anonymous_32)
FNDA:0,(anonymous_33)
FNDA:0,(anonymous_34)
FNDA:0,(anonymous_35)
FNDA:0,(anonymous_36)
FNDA:0,(anonymous_37)
FNDA:0,(anonymous_38)
DA:5,0
DA:8,0
DA:10,0
DA:11,0
DA:12,0
DA:17,0
DA:18,0
DA:21,0
DA:22,0
DA:25,0
DA:26,0
DA:28,0
DA:29,0
DA:33,0
DA:34,0
DA:37,0
DA:38,0
DA:40,0
DA:41,0
DA:45,0
DA:49,0
DA:54,0
DA:58,0
DA:63,0
DA:64,0
DA:67,0
DA:68,0
DA:69,0
DA:74,0
DA:75,0
DA:78,0
DA:79,0
DA:80,0
DA:85,0
DA:86,0
DA:89,0
DA:93,0
DA:94,0
DA:97,0
DA:101,0
DA:102,0
DA:105,0
DA:110,0
DA:114,0
DA:115,0
DA:120,0
DA:129,0
DA:130,0
DA:141,0
DA:142,0
DA:146,0
DA:147,0
DA:151,0
DA:152,0
DA:155,0
DA:160,0
DA:161,0
DA:164,0
DA:165,0
DA:166,0
DA:167,0
DA:175,0
DA:176,0
DA:177,0
DA:178,0
DA:186,0
DA:187,0
DA:190,0
DA:191,0
DA:198,0
DA:199,0
DA:206,0
DA:207,0
DA:215,0
DA:218,0
DA:223,0
DA:224,0
DA:230,0
DA:231,0
DA:236,0
DA:242,0
DA:245,0
DA:248,0
DA:249,0
LF:84
LH:0
BRDA:17,0,0,0
BRDA:17,0,1,0
BRDA:21,1,0,0
BRDA:21,1,1,0
BRDA:33,2,0,0
BRDA:33,2,1,0
BRDA:63,3,0,0
BRDA:63,3,1,0
BRDA:68,4,0,0
BRDA:68,4,1,0
BRDA:74,5,0,0
BRDA:74,5,1,0
BRDA:79,6,0,0
BRDA:79,6,1,0
BRDA:85,7,0,0
BRDA:85,7,1,0
BRDA:93,8,0,0
BRDA:93,8,1,0
BRDA:101,9,0,0
BRDA:101,9,1,0
BRDA:128,10,0,0
BRDA:141,11,0,0
BRDA:141,11,1,0
BRDA:146,12,0,0
BRDA:146,12,1,0
BRDA:151,13,0,0
BRDA:151,13,1,0
BRDA:160,14,0,0
BRDA:160,14,1,0
BRDA:166,15,0,0
BRDA:166,15,1,0
BRDA:177,16,0,0
BRDA:177,16,1,0
BRDA:229,17,0,0
BRDA:235,18,0,0
BRF:35
BRH:0
end_of_record
TN:
SF:src/shared/utils/duration.ts
FN:58,(anonymous_0)
FN:60,(anonymous_1)
FN:64,(anonymous_2)
FN:68,(anonymous_3)
FN:72,(anonymous_4)
FN:76,(anonymous_5)
FN:80,(anonymous_6)
FN:84,(anonymous_7)
FN:91,(anonymous_8)
FN:95,(anonymous_9)
FN:99,(anonymous_10)
FN:105,(anonymous_11)
FN:154,(anonymous_12)
FN:194,(anonymous_13)
FN:195,(anonymous_14)
FN:196,(anonymous_15)
FN:197,(anonymous_16)
FN:198,(anonymous_17)
FN:201,(anonymous_18)
FN:207,(anonymous_19)
FN:213,(anonymous_20)
FN:222,(anonymous_21)
FN:223,(anonymous_22)
FN:227,(anonymous_23)
FN:231,(anonymous_24)
FN:235,(anonymous_25)
FN:239,(anonymous_26)
FNF:27
FNH:27
FNDA:87,(anonymous_0)
FNDA:1,(anonymous_1)
FNDA:3,(anonymous_2)
FNDA:1,(anonymous_3)
FNDA:1,(anonymous_4)
FNDA:2,(anonymous_5)
FNDA:1,(anonymous_6)
FNDA:2,(anonymous_7)
FNDA:3,(anonymous_8)
FNDA:1,(anonymous_9)
FNDA:1,(anonymous_10)
FNDA:38,(anonymous_11)
FNDA:14,(anonymous_12)
FNDA:1,(anonymous_13)
FNDA:6,(anonymous_14)
FNDA:12,(anonymous_15)
FNDA:10,(anonymous_16)
FNDA:2,(anonymous_17)
FNDA:3,(anonymous_18)
FNDA:2,(anonymous_19)
FNDA:1,(anonymous_20)
FNDA:1,(anonymous_21)
FNDA:3,(anonymous_22)
FNDA:2,(anonymous_23)
FNDA:3,(anonymous_24)
FNDA:2,(anonymous_25)
FNDA:3,(anonymous_26)
DA:8,3
DA:11,3
DA:58,87
DA:61,1
DA:65,3
DA:69,1
DA:73,1
DA:77,2
DA:81,1
DA:85,2
DA:86,1
DA:88,1
DA:92,3
DA:96,1
DA:100,1
DA:105,3
DA:106,38
DA:107,2
DA:110,36
DA:113,36
DA:114,1
DA:115,1
DA:119,35
DA:120,2
DA:124,33
DA:125,33
DA:127,33
DA:129,33
DA:130,28
DA:131,28
DA:132,28
DA:134,28
DA:135,0
DA:138,28
DA:139,28
DA:140,0
DA:143,28
DA:146,33
DA:147,7
DA:150,26
DA:154,3
DA:155,14
DA:156,2
DA:159,12
DA:168,12
DA:169,12
DA:171,12
DA:172,72
DA:173,20
DA:174,20
DA:175,20
DA:179,12
DA:183,3
DA:194,3
DA:195,6
DA:196,12
DA:197,10
DA:198,3
DA:201,3
DA:202,3
DA:203,3
DA:207,3
DA:208,2
DA:209,2
DA:213,3
DA:214,1
DA:215,1
DA:216,0
DA:218,1
DA:222,3
DA:223,3
DA:224,1
DA:227,3
DA:228,2
DA:229,1
DA:231,3
DA:232,1
DA:235,3
DA:236,2
DA:237,1
DA:239,3
DA:240,1
LF:82
LH:79
BRDA:85,0,0,1
BRDA:85,0,1,1
BRDA:106,1,0,2
BRDA:106,1,1,36
BRDA:106,2,0,38
BRDA:106,2,1,36
BRDA:113,3,0,1
BRDA:113,3,1,35
BRDA:119,4,0,2
BRDA:119,4,1,33
BRDA:134,5,0,0
BRDA:134,5,1,28
BRDA:134,6,0,28
BRDA:134,6,1,28
BRDA:139,7,0,0
BRDA:139,7,1,28
BRDA:146,8,0,7
BRDA:146,8,1,26
BRDA:155,9,0,2
BRDA:155,9,1,12
BRDA:172,10,0,20
BRDA:172,10,1,52
BRDA:179,11,0,12
BRDA:179,11,1,0
BRDA:215,12,0,0
BRDA:215,12,1,1
BRDA:228,13,0,1
BRDA:228,13,1,1
BRDA:236,14,0,1
BRDA:236,14,1,1
BRF:30
BRH:26
end_of_record
TN:
SF:src/shared/utils/functional.ts
FN:8,(anonymous_0)
FN:11,(anonymous_1)
FN:13,(anonymous_2)
FN:13,(anonymous_3)
FN:14,(anonymous_4)
FN:16,(anonymous_5)
FN:17,(anonymous_6)
FN:26,(anonymous_7)
FN:27,(anonymous_8)
FN:27,(anonymous_9)
FN:29,(anonymous_10)
FN:30,(anonymous_11)
FN:30,(anonymous_12)
FN:30,(anonymous_13)
FN:33,(anonymous_14)
FN:35,(anonymous_15)
FN:37,(anonymous_16)
FN:40,(anonymous_17)
FN:43,(anonymous_18)
FN:44,(anonymous_19)
FN:46,(anonymous_20)
FN:47,(anonymous_21)
FN:49,(anonymous_22)
FN:52,(anonymous_23)
FN:54,(anonymous_24)
FN:55,(anonymous_25)
FN:58,(anonymous_26)
FN:59,(anonymous_27)
FN:61,(anonymous_28)
FN:62,(anonymous_29)
FN:63,(anonymous_30)
FN:68,(anonymous_31)
FN:68,(anonymous_32)
FN:71,(anonymous_33)
FN:72,(anonymous_34)
FN:82,(anonymous_35)
FN:83,(anonymous_36)
FN:85,(anonymous_37)
FN:93,(anonymous_38)
FN:94,(anonymous_39)
FN:96,(anonymous_40)
FN:102,(anonymous_41)
FN:103,(anonymous_42)
FN:105,(anonymous_43)
FN:112,(anonymous_44)
FN:113,(anonymous_45)
FN:113,(anonymous_46)
FN:115,(anonymous_47)
FN:116,(anonymous_48)
FN:116,(anonymous_49)
FN:118,(anonymous_50)
FN:119,(anonymous_51)
FN:122,(anonymous_52)
FN:124,(anonymous_53)
FN:124,(anonymous_54)
FN:126,(anonymous_55)
FN:131,(anonymous_56)
FN:134,(anonymous_57)
FN:137,(anonymous_58)
FN:142,(anonymous_59)
FN:147,(anonymous_60)
FN:151,(anonymous_61)
FN:156,(anonymous_62)
FN:160,(anonymous_63)
FN:164,(anonymous_64)
FN:169,(anonymous_65)
FN:179,(anonymous_66)
FN:184,(anonymous_67)
FN:186,(anonymous_68)
FN:194,(anonymous_69)
FN:208,(anonymous_70)
FNF:71
FNH:0
FNDA:0,(anonymous_0)
FNDA:0,(anonymous_1)
FNDA:0,(anonymous_2)
FNDA:0,(anonymous_3)
FNDA:0,(anonymous_4)
FNDA:0,(anonymous_5)
FNDA:0,(anonymous_6)
FNDA:0,(anonymous_7)
FNDA:0,(anonymous_8)
FNDA:0,(anonymous_9)
FNDA:0,(anonymous_10)
FNDA:0,(anonymous_11)
FNDA:0,(anonymous_12)
FNDA:0,(anonymous_13)
FNDA:0,(anonymous_14)
FNDA:0,(anonymous_15)
FNDA:0,(anonymous_16)
FNDA:0,(anonymous_17)
FNDA:0,(anonymous_18)
FNDA:0,(anonymous_19)
FNDA:0,(anonymous_20)
FNDA:0,(anonymous_21)
FNDA:0,(anonymous_22)
FNDA:0,(anonymous_23)
FNDA:0,(anonymous_24)
FNDA:0,(anonymous_25)
FNDA:0,(anonymous_26)
FNDA:0,(anonymous_27)
FNDA:0,(anonymous_28)
FNDA:0,(anonymous_29)
FNDA:0,(anonymous_30)
FNDA:0,(anonymous_31)
FNDA:0,(anonymous_32)
FNDA:0,(anonymous_33)
FNDA:0,(anonymous_34)
FNDA:0,(anonymous_35)
FNDA:0,(anonymous_36)
FNDA:0,(anonymous_37)
FNDA:0,(anonymous_38)
FNDA:0,(anonymous_39)
FNDA:0,(anonymous_40)
FNDA:0,(anonymous_41)
FNDA:0,(anonymous_42)
FNDA:0,(anonymous_43)
FNDA:0,(anonymous_44)
FNDA:0,(anonymous_45)
FNDA:0,(anonymous_46)
FNDA:0,(anonymous_47)
FNDA:0,(anonymous_48)
FNDA:0,(anonymous_49)
FNDA:0,(anonymous_50)
FNDA:0,(anonymous_51)
FNDA:0,(anonymous_52)
FNDA:0,(anonymous_53)
FNDA:0,(anonymous_54)
FNDA:0,(anonymous_55)
FNDA:0,(anonymous_56)
FNDA:0,(anonymous_57)
FNDA:0,(anonymous_58)
FNDA:0,(anonymous_59)
FNDA:0,(anonymous_60)
FNDA:0,(anonymous_61)
FNDA:0,(anonymous_62)
FNDA:0,(anonymous_63)
FNDA:0,(anonymous_64)
FNDA:0,(anonymous_65)
FNDA:0,(anonymous_66)
FNDA:0,(anonymous_67)
FNDA:0,(anonymous_68)
FNDA:0,(anonymous_69)
FNDA:0,(anonymous_70)
DA:8,0
DA:11,0
DA:13,0
DA:14,0
DA:16,0
DA:17,0
DA:18,0
DA:19,0
DA:20,0
DA:22,0
DA:26,0
DA:27,0
DA:29,0
DA:30,0
DA:33,0
DA:35,0
DA:37,0
DA:38,0
DA:40,0
DA:43,0
DA:44,0
DA:46,0
DA:47,0
DA:49,0
DA:52,0
DA:54,0
DA:55,0
DA:58,0
DA:59,0
DA:61,0
DA:62,0
DA:63,0
DA:68,0
DA:71,0
DA:72,0
DA:73,0
DA:74,0
DA:75,0
DA:78,0
DA:82,0
DA:83,0
DA:84,0
DA:85,0
DA:86,0
DA:87,0
DA:90,0
DA:93,0
DA:94,0
DA:95,0
DA:96,0
DA:97,0
DA:99,0
DA:102,0
DA:103,0
DA:104,0
DA:105,0
DA:106,0
DA:108,0
DA:112,0
DA:113,0
DA:115,0
DA:116,0
DA:118,0
DA:119,0
DA:122,0
DA:124,0
DA:126,0
DA:131,0
DA:132,0
DA:134,0
DA:135,0
DA:137,0
DA:140,0
DA:142,0
DA:145,0
DA:147,0
DA:148,0
DA:151,0
DA:156,0
DA:157,0
DA:158,0
DA:160,0
DA:164,0
DA:168,0
DA:169,0
DA:170,0
DA:171,0
DA:172,0
DA:173,0
DA:179,0
DA:184,0
DA:185,0
DA:186,0
DA:187,0
DA:189,0
DA:194,0
DA:197,0
DA:198,0
DA:199,0
DA:200,0
DA:202,0
DA:205,0
DA:208,0
DA:212,0
DA:213,0
LF:105
LH:0
BRDA:38,0,0,0
BRDA:38,0,1,0
BRDA:74,1,0,0
BRDA:74,1,1,0
BRDA:86,2,0,0
BRDA:86,2,1,0
BRDA:140,3,0,0
BRDA:140,3,1,0
BRDA:145,4,0,0
BRDA:145,4,1,0
BRDA:148,5,0,0
BRDA:148,5,1,0
BRDA:157,6,0,0
BRDA:157,6,1,0
BRDA:171,7,0,0
BRDA:171,7,1,0
BRDA:182,8,0,0
BRDA:185,9,0,0
BRDA:185,9,1,0
BRDA:199,10,0,0
BRDA:199,10,1,0
BRF:21
BRH:0
end_of_record
TN:
SF:src/shared/utils/paths.ts
FN:12,(anonymous_9)
FN:21,(anonymous_10)
FN:39,(anonymous_11)
FN:54,(anonymous_12)
FN:68,(anonymous_13)
FN:81,(anonymous_14)
FN:97,(anonymous_15)
FN:121,(anonymous_16)
FN:151,(anonymous_17)
FN:188,(anonymous_18)
FN:207,(anonymous_19)
FN:223,(anonymous_20)
FN:254,(anonymous_21)
FN:258,(anonymous_22)
FN:262,(anonymous_23)
FNF:15
FNH:2
FNDA:3,(anonymous_9)
FNDA:4,(anonymous_10)
FNDA:0,(anonymous_11)
FNDA:0,(anonymous_12)
FNDA:0,(anonymous_13)
FNDA:0,(anonymous_14)
FNDA:0,(anonymous_15)
FNDA:0,(anonymous_16)
FNDA:0,(anonymous_17)
FNDA:0,(anonymous_18)
FNDA:0,(anonymous_19)
FNDA:0,(anonymous_20)
FNDA:0,(anonymous_21)
FNDA:0,(anonymous_22)
FNDA:0,(anonymous_23)
DA:5,2
DA:9,2
DA:12,2
DA:13,3
DA:14,3
DA:15,3
DA:17,0
DA:21,2
DA:22,4
DA:23,1
DA:26,3
DA:27,3
DA:28,0
DA:31,3
DA:32,0
DA:35,3
DA:39,2
DA:40,0
DA:41,0
DA:42,0
DA:45,0
DA:46,0
DA:47,0
DA:49,0
DA:54,2
DA:55,0
DA:56,0
DA:59,0
DA:60,0
DA:61,0
DA:63,0
DA:68,2
DA:69,0
DA:70,0
DA:72,0
DA:73,0
DA:75,0
DA:76,0
DA:78,0
DA:81,2
DA:82,0
DA:83,0
DA:85,0
DA:86,0
DA:88,0
DA:89,0
DA:90,0
DA:92,0
DA:97,2
DA:104,0
DA:105,0
DA:106,0
DA:109,0
DA:111,0
DA:121,2
DA:125,0
DA:126,0
DA:127,0
DA:130,0
DA:131,0
DA:133,0
DA:134,0
DA:135,0
DA:136,0
DA:139,0
DA:144,0
DA:147,0
DA:151,2
DA:152,0
DA:153,0
DA:157,0
DA:166,0
DA:168,0
DA:169,0
DA:173,0
DA:174,0
DA:176,0
DA:177,0
DA:180,0
DA:181,0
DA:184,0
DA:188,2
DA:189,0
DA:190,0
DA:192,0
DA:194,0
DA:199,0
DA:200,0
DA:202,0
DA:207,2
DA:211,0
DA:213,0
DA:214,0
DA:215,0
DA:216,0
DA:220,0
DA:223,2
DA:224,0
DA:226,0
DA:227,0
DA:228,0
DA:229,0
DA:233,0
DA:237,2
DA:244,2
DA:254,2
DA:255,0
DA:258,2
DA:259,0
DA:262,2
DA:263,0
DA:264,0
DA:266,0
DA:267,0
DA:269,0
LF:115
LH:28
BRDA:22,0,0,1
BRDA:22,0,1,3
BRDA:22,1,0,4
BRDA:22,1,1,3
BRDA:27,2,0,0
BRDA:27,2,1,3
BRDA:31,3,0,0
BRDA:31,3,1,3
BRDA:41,4,0,0
BRDA:41,4,1,0
BRDA:55,5,0,0
BRDA:55,5,1,0
BRDA:72,6,0,0
BRDA:72,6,1,0
BRDA:73,7,0,0
BRDA:73,7,1,0
BRDA:76,8,0,0
BRDA:76,8,1,0
BRDA:85,9,0,0
BRDA:85,9,1,0
BRDA:86,10,0,0
BRDA:86,10,1,0
BRDA:105,11,0,0
BRDA:105,11,1,0
BRDA:126,12,0,0
BRDA:126,12,1,0
BRDA:152,13,0,0
BRDA:152,13,1,0
BRDA:152,14,0,0
BRDA:152,14,1,0
BRDA:176,15,0,0
BRDA:176,15,1,0
BRDA:180,16,0,0
BRDA:180,16,1,0
BRDA:190,17,0,0
BRDA:190,17,1,0
BRDA:215,18,0,0
BRDA:215,18,1,0
BRDA:215,19,0,0
BRDA:215,19,1,0
BRDA:228,20,0,0
BRDA:228,20,1,0
BRDA:266,21,0,0
BRDA:266,21,1,0
BRDA:267,22,0,0
BRDA:267,22,1,0
BRF:46
BRH:6
end_of_record
TN:
SF:src/shared/utils/result.ts
FN:12,(anonymous_0)
FN:13,(anonymous_1)
FN:16,(anonymous_2)
FN:19,(anonymous_3)
FN:23,(anonymous_4)
FN:33,(anonymous_5)
FN:43,(anonymous_6)
FN:54,(anonymous_7)
FN:64,(anonymous_8)
FN:75,(anonymous_9)
FN:82,(anonymous_10)
FN:89,(anonymous_11)
FN:100,(anonymous_12)
FN:116,(anonymous_13)
FN:133,(anonymous_14)
FN:141,(anonymous_15)
FN:152,(anonymous_16)
FN:167,(anonymous_17)
FN:181,(anonymous_18)
FNF:19
FNH:19
FNDA:286,(anonymous_0)
FNDA:84,(anonymous_1)
FNDA:112,(anonymous_2)
FNDA:90,(anonymous_3)
FNDA:6,(anonymous_4)
FNDA:1,(anonymous_5)
FNDA:2,(anonymous_6)
FNDA:2,(anonymous_7)
FNDA:1,(anonymous_8)
FNDA:2,(anonymous_9)
FNDA:2,(anonymous_10)
FNDA:1,(anonymous_11)
FNDA:4,(anonymous_12)
FNDA:1,(anonymous_13)
FNDA:2,(anonymous_14)
FNDA:1,(anonymous_15)
FNDA:3,(anonymous_16)
FNDA:2,(anonymous_17)
FNDA:4,(anonymous_18)
DA:12,286
DA:13,84
DA:16,4
DA:17,112
DA:19,4
DA:20,90
DA:23,4
DA:27,6
DA:28,5
DA:30,1
DA:33,4
DA:37,1
DA:38,1
DA:40,0
DA:43,4
DA:47,2
DA:48,2
DA:50,0
DA:54,4
DA:58,2
DA:59,1
DA:61,1
DA:64,4
DA:68,1
DA:69,1
DA:71,0
DA:75,4
DA:76,2
DA:77,1
DA:79,1
DA:82,4
DA:83,2
DA:84,1
DA:86,1
DA:89,4
DA:93,1
DA:94,0
DA:96,1
DA:100,4
DA:103,4
DA:105,4
DA:106,10
DA:107,10
DA:108,2
DA:110,8
DA:113,2
DA:116,4
DA:119,1
DA:121,1
DA:122,3
DA:123,3
DA:124,0
DA:126,3
DA:129,1
DA:133,4
DA:134,2
DA:135,2
DA:137,1
DA:141,4
DA:144,1
DA:145,1
DA:147,1
DA:152,4
DA:157,3
DA:158,1
DA:160,2
DA:161,1
DA:163,1
DA:167,4
DA:174,2
DA:175,1
DA:177,1
DA:181,4
DA:185,4
DA:186,3
DA:188,1
LF:76
LH:71
BRDA:27,0,0,5
BRDA:27,0,1,1
BRDA:37,1,0,1
BRDA:37,1,1,0
BRDA:47,2,0,2
BRDA:47,2,1,0
BRDA:58,3,0,1
BRDA:58,3,1,1
BRDA:68,4,0,1
BRDA:68,4,1,0
BRDA:76,5,0,1
BRDA:76,5,1,1
BRDA:83,6,0,1
BRDA:83,6,1,1
BRDA:93,7,0,0
BRDA:93,7,1,1
BRDA:107,8,0,2
BRDA:107,8,1,8
BRDA:123,9,0,0
BRDA:123,9,1,3
BRDA:137,10,0,1
BRDA:137,10,1,0
BRDA:147,11,0,1
BRDA:147,11,1,0
BRDA:157,12,0,1
BRDA:157,12,1,2
BRDA:157,13,0,3
BRDA:157,13,1,2
BRDA:160,14,0,1
BRDA:160,14,1,1
BRDA:174,15,0,1
BRDA:174,15,1,1
BRDA:183,16,0,3
BRDA:185,17,0,3
BRDA:185,17,1,1
BRF:35
BRH:28
end_of_record
TN:
SF:src/shared/utils/validation.ts
FN:8,(anonymous_0)
FN:17,(anonymous_1)
FN:18,(anonymous_2)
FN:25,(anonymous_3)
FN:26,(anonymous_4)
FN:33,(anonymous_5)
FN:34,(anonymous_6)
FN:41,(anonymous_7)
FN:42,(anonymous_8)
FN:49,(anonymous_9)
FN:50,(anonymous_10)
FN:57,(anonymous_11)
FN:58,(anonymous_12)
FN:65,(anonymous_13)
FN:66,(anonymous_14)
FN:73,(anonymous_15)
FN:74,(anonymous_16)
FN:81,(anonymous_17)
FN:82,(anonymous_18)
FN:89,(anonymous_19)
FN:90,(anonymous_20)
FN:97,(anonymous_21)
FN:98,(anonymous_22)
FN:105,(anonymous_23)
FN:106,(anonymous_24)
FN:114,(anonymous_25)
FN:115,(anonymous_26)
FN:125,(anonymous_27)
FN:126,(anonymous_28)
FN:133,(anonymous_29)
FN:137,(anonymous_30)
FN:148,(anonymous_31)
FN:149,(anonymous_32)
FN:157,(anonymous_33)
FN:158,(anonymous_34)
FN:166,(anonymous_35)
FN:174,(anonymous_36)
FN:183,(anonymous_37)
FN:249,(anonymous_38)
FN:298,(anonymous_39)
FN:331,(anonymous_40)
FN:354,(anonymous_41)
FNF:42
FNH:40
FNDA:2,(anonymous_0)
FNDA:14,(anonymous_1)
FNDA:16,(anonymous_2)
FNDA:20,(anonymous_3)
FNDA:44,(anonymous_4)
FNDA:10,(anonymous_5)
FNDA:14,(anonymous_6)
FNDA:1,(anonymous_7)
FNDA:5,(anonymous_8)
FNDA:7,(anonymous_9)
FNDA:11,(anonymous_10)
FNDA:13,(anonymous_11)
FNDA:17,(anonymous_12)
FNDA:15,(anonymous_13)
FNDA:36,(anonymous_14)
FNDA:9,(anonymous_15)
FNDA:20,(anonymous_16)
FNDA:2,(anonymous_17)
FNDA:4,(anonymous_18)
FNDA:2,(anonymous_19)
FNDA:4,(anonymous_20)
FNDA:9,(anonymous_21)
FNDA:11,(anonymous_22)
FNDA:8,(anonymous_23)
FNDA:19,(anonymous_24)
FNDA:34,(anonymous_25)
FNDA:55,(anonymous_26)
FNDA:1,(anonymous_27)
FNDA:5,(anonymous_28)
FNDA:5,(anonymous_29)
FNDA:9,(anonymous_30)
FNDA:6,(anonymous_31)
FNDA:9,(anonymous_32)
FNDA:2,(anonymous_33)
FNDA:4,(anonymous_34)
FNDA:3,(anonymous_35)
FNDA:4,(anonymous_36)
FNDA:8,(anonymous_37)
FNDA:1,(anonymous_38)
FNDA:2,(anonymous_39)
FNDA:0,(anonymous_40)
FNDA:0,(anonymous_41)
DA:5,2
DA:8,4
DA:10,2
DA:11,2
DA:12,2
DA:17,2
DA:18,14
DA:19,16
DA:20,3
DA:22,13
DA:25,2
DA:26,20
DA:27,44
DA:28,6
DA:30,38
DA:33,2
DA:34,10
DA:35,14
DA:36,3
DA:38,11
DA:41,2
DA:42,1
DA:43,5
DA:44,3
DA:46,2
DA:49,2
DA:50,7
DA:51,11
DA:52,3
DA:54,8
DA:57,2
DA:58,13
DA:59,17
DA:60,3
DA:62,14
DA:65,2
DA:66,15
DA:67,36
DA:68,7
DA:70,29
DA:73,2
DA:74,9
DA:75,20
DA:76,2
DA:78,18
DA:81,2
DA:82,2
DA:83,4
DA:84,1
DA:86,3
DA:89,2
DA:90,2
DA:91,4
DA:92,1
DA:94,3
DA:97,2
DA:98,9
DA:99,11
DA:100,4
DA:102,7
DA:105,2
DA:106,8
DA:107,19
DA:108,8
DA:110,11
DA:114,2
DA:115,34
DA:116,55
DA:117,151
DA:118,151
DA:119,21
DA:122,34
DA:125,2
DA:126,1
DA:127,5
DA:128,2
DA:130,3
DA:133,2
DA:137,5
DA:138,9
DA:139,13
DA:140,13
DA:141,4
DA:144,5
DA:148,2
DA:149,6
DA:150,9
DA:151,9
DA:152,2
DA:154,7
DA:157,2
DA:158,2
DA:159,4
DA:160,4
DA:161,1
DA:163,3
DA:166,2
DA:167,3
DA:174,2
DA:175,4
DA:183,2
DA:185,8
DA:186,8
DA:188,8
DA:191,8
DA:196,8
DA:199,5
DA:204,5
DA:207,4
DA:208,1
DA:212,1
DA:215,4
DA:216,3
DA:217,3
DA:220,3
DA:221,2
DA:225,2
DA:228,2
DA:229,0
DA:230,0
DA:233,2
DA:234,0
DA:235,0
DA:238,2
DA:249,2
DA:250,1
DA:251,1
DA:253,1
DA:255,1
DA:256,1
DA:261,1
DA:264,1
DA:265,1
DA:266,1
DA:269,1
DA:270,1
DA:271,1
DA:272,0
DA:277,1
DA:278,1
DA:279,1
DA:282,1
DA:283,1
DA:287,1
DA:290,1
DA:298,2
DA:299,2
DA:300,2
DA:302,2
DA:303,2
DA:308,2
DA:309,2
DA:310,2
DA:313,1
DA:314,1
DA:315,1
DA:318,1
DA:319,1
DA:320,1
DA:323,1
DA:331,2
DA:335,0
DA:336,0
DA:338,0
DA:339,0
DA:341,0
DA:342,0
DA:343,0
DA:344,0
DA:345,0
DA:347,0
DA:350,0
DA:354,2
DA:357,0
DA:359,0
DA:360,0
DA:361,0
DA:362,0
DA:366,0
LF:179
LH:157
BRDA:19,0,0,3
BRDA:19,0,1,13
BRDA:27,1,0,6
BRDA:27,1,1,38
BRDA:35,2,0,3
BRDA:35,2,1,11
BRDA:35,3,0,14
BRDA:35,3,1,12
BRDA:43,4,0,3
BRDA:43,4,1,2
BRDA:51,5,0,3
BRDA:51,5,1,8
BRDA:59,6,0,3
BRDA:59,6,1,14
BRDA:59,7,0,17
BRDA:59,7,1,16
BRDA:59,7,2,15
BRDA:67,8,0,7
BRDA:67,8,1,29
BRDA:75,9,0,2
BRDA:75,9,1,18
BRDA:83,10,0,1
BRDA:83,10,1,3
BRDA:91,11,0,1
BRDA:91,11,1,3
BRDA:99,12,0,4
BRDA:99,12,1,7
BRDA:107,13,0,8
BRDA:107,13,1,11
BRDA:118,14,0,21
BRDA:118,14,1,130
BRDA:127,15,0,2
BRDA:127,15,1,3
BRDA:140,16,0,4
BRDA:140,16,1,9
BRDA:151,17,0,2
BRDA:151,17,1,7
BRDA:160,18,0,1
BRDA:160,18,1,3
BRDA:186,19,0,0
BRDA:186,19,1,8
BRDA:196,20,0,3
BRDA:196,20,1,5
BRDA:204,21,0,1
BRDA:204,21,1,4
BRDA:207,22,0,1
BRDA:207,22,1,3
BRDA:212,23,0,0
BRDA:212,23,1,1
BRDA:215,24,0,3
BRDA:215,24,1,1
BRDA:217,25,0,1
BRDA:217,25,1,2
BRDA:220,26,0,2
BRDA:220,26,1,1
BRDA:225,27,0,1
BRDA:225,27,1,1
BRDA:228,28,0,0
BRDA:228,28,1,2
BRDA:230,29,0,0
BRDA:230,29,1,0
BRDA:233,30,0,0
BRDA:233,30,1,2
BRDA:235,31,0,0
BRDA:235,31,1,0
BRDA:251,32,0,0
BRDA:251,32,1,1
BRDA:255,33,0,1
BRDA:255,33,1,0
BRDA:261,34,0,0
BRDA:261,34,1,1
BRDA:264,35,0,1
BRDA:264,35,1,0
BRDA:266,36,0,0
BRDA:266,36,1,1
BRDA:271,37,0,0
BRDA:271,37,1,1
BRDA:277,38,0,1
BRDA:277,38,1,0
BRDA:279,39,0,0
BRDA:279,39,1,1
BRDA:282,40,0,1
BRDA:282,40,1,0
BRDA:287,41,0,0
BRDA:287,41,1,1
BRDA:300,42,0,0
BRDA:300,42,1,2
BRDA:308,43,0,2
BRDA:308,43,1,0
BRDA:310,44,0,1
BRDA:310,44,1,1
BRDA:313,45,0,1
BRDA:313,45,1,0
BRDA:315,46,0,0
BRDA:315,46,1,1
BRDA:318,47,0,1
BRDA:318,47,1,0
BRDA:320,48,0,0
BRDA:320,48,1,1
BRDA:336,49,0,0
BRDA:336,49,1,0
BRDA:344,50,0,0
BRDA:344,50,1,0
BRDA:361,51,0,0
BRDA:361,51,1,0
BRF:105
BRH:75
end_of_record
